{"/Users/charlesbethune/Desktop/pme_app/pme_calculator/frontend/analysis.js": {"path":"/Users/charlesbethune/Desktop/pme_app/pme_calculator/frontend/analysis.js","all":true,"statementMap":{"0":{"start":{"line":1,"column":0},"end":{"line":1,"column":3}},"1":{"start":{"line":2,"column":0},"end":{"line":2,"column":59}},"2":{"start":{"line":3,"column":0},"end":{"line":3,"column":46}},"3":{"start":{"line":4,"column":0},"end":{"line":4,"column":3}},"5":{"start":{"line":6,"column":0},"end":{"line":6,"column":26}},"6":{"start":{"line":7,"column":0},"end":{"line":7,"column":19}},"7":{"start":{"line":8,"column":0},"end":{"line":8,"column":33}},"8":{"start":{"line":9,"column":0},"end":{"line":9,"column":25}},"9":{"start":{"line":10,"column":0},"end":{"line":10,"column":20}},"10":{"start":{"line":11,"column":0},"end":{"line":11,"column":5}},"12":{"start":{"line":13,"column":0},"end":{"line":13,"column":12}},"13":{"start":{"line":14,"column":0},"end":{"line":14,"column":65}},"14":{"start":{"line":15,"column":0},"end":{"line":15,"column":32}},"15":{"start":{"line":16,"column":0},"end":{"line":16,"column":8}},"16":{"start":{"line":17,"column":0},"end":{"line":17,"column":35}},"17":{"start":{"line":18,"column":0},"end":{"line":18,"column":35}},"18":{"start":{"line":19,"column":0},"end":{"line":19,"column":8}},"19":{"start":{"line":20,"column":0},"end":{"line":20,"column":32}},"20":{"start":{"line":21,"column":0},"end":{"line":21,"column":35}},"21":{"start":{"line":22,"column":0},"end":{"line":22,"column":5}},"23":{"start":{"line":24,"column":0},"end":{"line":24,"column":24}},"24":{"start":{"line":25,"column":0},"end":{"line":25,"column":52}},"25":{"start":{"line":26,"column":0},"end":{"line":26,"column":70}},"26":{"start":{"line":27,"column":0},"end":{"line":27,"column":48}},"27":{"start":{"line":28,"column":0},"end":{"line":28,"column":8}},"28":{"start":{"line":29,"column":0},"end":{"line":29,"column":24}},"29":{"start":{"line":30,"column":0},"end":{"line":30,"column":17}},"30":{"start":{"line":31,"column":0},"end":{"line":31,"column":78}},"31":{"start":{"line":32,"column":0},"end":{"line":32,"column":25}},"32":{"start":{"line":33,"column":0},"end":{"line":33,"column":60}},"33":{"start":{"line":34,"column":0},"end":{"line":34,"column":13}},"34":{"start":{"line":35,"column":0},"end":{"line":35,"column":9}},"35":{"start":{"line":36,"column":0},"end":{"line":36,"column":8}},"36":{"start":{"line":37,"column":0},"end":{"line":37,"column":35}},"37":{"start":{"line":38,"column":0},"end":{"line":38,"column":33}},"38":{"start":{"line":39,"column":0},"end":{"line":39,"column":74}},"39":{"start":{"line":40,"column":0},"end":{"line":40,"column":29}},"40":{"start":{"line":41,"column":0},"end":{"line":41,"column":21}},"41":{"start":{"line":42,"column":0},"end":{"line":42,"column":63}},"42":{"start":{"line":43,"column":0},"end":{"line":43,"column":29}},"43":{"start":{"line":44,"column":0},"end":{"line":44,"column":67}},"44":{"start":{"line":45,"column":0},"end":{"line":45,"column":17}},"45":{"start":{"line":46,"column":0},"end":{"line":46,"column":13}},"46":{"start":{"line":47,"column":0},"end":{"line":47,"column":9}},"47":{"start":{"line":48,"column":0},"end":{"line":48,"column":8}},"48":{"start":{"line":49,"column":0},"end":{"line":49,"column":48}},"49":{"start":{"line":50,"column":0},"end":{"line":50,"column":33}},"50":{"start":{"line":51,"column":0},"end":{"line":51,"column":53}},"51":{"start":{"line":52,"column":0},"end":{"line":52,"column":9}},"52":{"start":{"line":53,"column":0},"end":{"line":53,"column":5}},"54":{"start":{"line":55,"column":0},"end":{"line":55,"column":21}},"55":{"start":{"line":56,"column":0},"end":{"line":56,"column":16}},"56":{"start":{"line":57,"column":0},"end":{"line":57,"column":28}},"57":{"start":{"line":58,"column":0},"end":{"line":58,"column":24}},"58":{"start":{"line":59,"column":0},"end":{"line":59,"column":34}},"59":{"start":{"line":60,"column":0},"end":{"line":60,"column":28}},"60":{"start":{"line":61,"column":0},"end":{"line":61,"column":27}},"61":{"start":{"line":62,"column":0},"end":{"line":62,"column":28}},"62":{"start":{"line":63,"column":0},"end":{"line":63,"column":28}},"63":{"start":{"line":64,"column":0},"end":{"line":64,"column":35}},"64":{"start":{"line":65,"column":0},"end":{"line":65,"column":45}},"65":{"start":{"line":66,"column":0},"end":{"line":66,"column":82}},"66":{"start":{"line":67,"column":0},"end":{"line":67,"column":84}},"67":{"start":{"line":68,"column":0},"end":{"line":68,"column":84}},"68":{"start":{"line":69,"column":0},"end":{"line":69,"column":84}},"69":{"start":{"line":70,"column":0},"end":{"line":70,"column":84}},"70":{"start":{"line":71,"column":0},"end":{"line":71,"column":84}},"71":{"start":{"line":72,"column":0},"end":{"line":72,"column":84}},"72":{"start":{"line":73,"column":0},"end":{"line":73,"column":81}},"73":{"start":{"line":74,"column":0},"end":{"line":74,"column":22}},"74":{"start":{"line":75,"column":0},"end":{"line":75,"column":43}},"75":{"start":{"line":76,"column":0},"end":{"line":76,"column":84}},"76":{"start":{"line":77,"column":0},"end":{"line":77,"column":85}},"77":{"start":{"line":78,"column":0},"end":{"line":78,"column":85}},"78":{"start":{"line":79,"column":0},"end":{"line":79,"column":85}},"79":{"start":{"line":80,"column":0},"end":{"line":80,"column":82}},"80":{"start":{"line":81,"column":0},"end":{"line":81,"column":21}},"81":{"start":{"line":82,"column":0},"end":{"line":82,"column":17}},"82":{"start":{"line":83,"column":0},"end":{"line":83,"column":13}},"83":{"start":{"line":84,"column":0},"end":{"line":84,"column":10}},"84":{"start":{"line":85,"column":0},"end":{"line":85,"column":5}},"86":{"start":{"line":87,"column":0},"end":{"line":87,"column":23}},"87":{"start":{"line":88,"column":0},"end":{"line":88,"column":35}},"88":{"start":{"line":89,"column":0},"end":{"line":89,"column":40}},"89":{"start":{"line":90,"column":0},"end":{"line":90,"column":60}},"90":{"start":{"line":91,"column":0},"end":{"line":91,"column":99}},"91":{"start":{"line":92,"column":0},"end":{"line":92,"column":72}},"92":{"start":{"line":93,"column":0},"end":{"line":93,"column":96}},"93":{"start":{"line":94,"column":0},"end":{"line":94,"column":78}},"94":{"start":{"line":95,"column":0},"end":{"line":95,"column":29}},"95":{"start":{"line":96,"column":0},"end":{"line":96,"column":22}},"96":{"start":{"line":97,"column":0},"end":{"line":97,"column":18}},"97":{"start":{"line":98,"column":0},"end":{"line":98,"column":10}},"98":{"start":{"line":99,"column":0},"end":{"line":99,"column":5}},"100":{"start":{"line":101,"column":0},"end":{"line":101,"column":33}},"101":{"start":{"line":102,"column":0},"end":{"line":102,"column":49}},"102":{"start":{"line":103,"column":0},"end":{"line":103,"column":8}},"103":{"start":{"line":104,"column":0},"end":{"line":104,"column":13}},"104":{"start":{"line":105,"column":0},"end":{"line":105,"column":40}},"105":{"start":{"line":106,"column":0},"end":{"line":106,"column":37}},"106":{"start":{"line":107,"column":0},"end":{"line":107,"column":49}},"107":{"start":{"line":108,"column":0},"end":{"line":108,"column":12}},"108":{"start":{"line":109,"column":0},"end":{"line":109,"column":34}},"109":{"start":{"line":110,"column":0},"end":{"line":110,"column":43}},"110":{"start":{"line":111,"column":0},"end":{"line":111,"column":44}},"111":{"start":{"line":112,"column":0},"end":{"line":112,"column":12}},"112":{"start":{"line":113,"column":0},"end":{"line":113,"column":31}},"113":{"start":{"line":114,"column":0},"end":{"line":114,"column":35}},"114":{"start":{"line":115,"column":0},"end":{"line":115,"column":46}},"115":{"start":{"line":116,"column":0},"end":{"line":116,"column":12}},"116":{"start":{"line":117,"column":0},"end":{"line":117,"column":31}},"117":{"start":{"line":118,"column":0},"end":{"line":118,"column":35}},"118":{"start":{"line":119,"column":0},"end":{"line":119,"column":44}},"119":{"start":{"line":120,"column":0},"end":{"line":120,"column":12}},"120":{"start":{"line":121,"column":0},"end":{"line":121,"column":62}},"121":{"start":{"line":122,"column":0},"end":{"line":122,"column":77}},"122":{"start":{"line":123,"column":0},"end":{"line":123,"column":33}},"123":{"start":{"line":124,"column":0},"end":{"line":124,"column":54}},"124":{"start":{"line":125,"column":0},"end":{"line":125,"column":54}},"125":{"start":{"line":126,"column":0},"end":{"line":126,"column":13}},"126":{"start":{"line":127,"column":0},"end":{"line":127,"column":12}},"127":{"start":{"line":128,"column":0},"end":{"line":128,"column":88}},"128":{"start":{"line":129,"column":0},"end":{"line":129,"column":30}},"129":{"start":{"line":130,"column":0},"end":{"line":130,"column":49}},"130":{"start":{"line":131,"column":0},"end":{"line":131,"column":60}},"131":{"start":{"line":132,"column":0},"end":{"line":132,"column":21}},"132":{"start":{"line":133,"column":0},"end":{"line":133,"column":12}},"133":{"start":{"line":134,"column":0},"end":{"line":134,"column":25}},"134":{"start":{"line":135,"column":0},"end":{"line":135,"column":66}},"135":{"start":{"line":136,"column":0},"end":{"line":136,"column":60}},"136":{"start":{"line":137,"column":0},"end":{"line":137,"column":77}},"137":{"start":{"line":138,"column":0},"end":{"line":138,"column":33}},"138":{"start":{"line":139,"column":0},"end":{"line":139,"column":54}},"139":{"start":{"line":140,"column":0},"end":{"line":140,"column":13}},"140":{"start":{"line":141,"column":0},"end":{"line":141,"column":9}},"141":{"start":{"line":142,"column":0},"end":{"line":142,"column":5}},"143":{"start":{"line":144,"column":0},"end":{"line":144,"column":25}},"144":{"start":{"line":145,"column":0},"end":{"line":145,"column":56}},"145":{"start":{"line":146,"column":0},"end":{"line":146,"column":8}},"146":{"start":{"line":147,"column":0},"end":{"line":147,"column":30}},"147":{"start":{"line":148,"column":0},"end":{"line":148,"column":45}},"148":{"start":{"line":149,"column":0},"end":{"line":149,"column":42}},"149":{"start":{"line":150,"column":0},"end":{"line":150,"column":40}},"150":{"start":{"line":151,"column":0},"end":{"line":151,"column":42}},"151":{"start":{"line":152,"column":0},"end":{"line":152,"column":8}},"152":{"start":{"line":153,"column":0},"end":{"line":153,"column":33}},"153":{"start":{"line":154,"column":0},"end":{"line":154,"column":87}},"154":{"start":{"line":155,"column":0},"end":{"line":155,"column":81}},"155":{"start":{"line":156,"column":0},"end":{"line":156,"column":79}},"156":{"start":{"line":157,"column":0},"end":{"line":157,"column":81}},"157":{"start":{"line":158,"column":0},"end":{"line":158,"column":8}},"158":{"start":{"line":159,"column":0},"end":{"line":159,"column":32}},"159":{"start":{"line":160,"column":0},"end":{"line":160,"column":44}},"160":{"start":{"line":161,"column":0},"end":{"line":161,"column":5}},"162":{"start":{"line":163,"column":0},"end":{"line":163,"column":36}},"163":{"start":{"line":164,"column":0},"end":{"line":164,"column":71}},"164":{"start":{"line":165,"column":0},"end":{"line":165,"column":8}},"165":{"start":{"line":166,"column":0},"end":{"line":166,"column":39}},"166":{"start":{"line":167,"column":0},"end":{"line":167,"column":66}},"167":{"start":{"line":168,"column":0},"end":{"line":168,"column":74}},"168":{"start":{"line":169,"column":0},"end":{"line":169,"column":46}},"169":{"start":{"line":170,"column":0},"end":{"line":170,"column":64}},"170":{"start":{"line":171,"column":0},"end":{"line":171,"column":74}},"171":{"start":{"line":172,"column":0},"end":{"line":172,"column":46}},"172":{"start":{"line":173,"column":0},"end":{"line":173,"column":59}},"173":{"start":{"line":174,"column":0},"end":{"line":174,"column":69}},"174":{"start":{"line":175,"column":0},"end":{"line":175,"column":16}},"175":{"start":{"line":176,"column":0},"end":{"line":176,"column":63}},"176":{"start":{"line":177,"column":0},"end":{"line":177,"column":72}},"177":{"start":{"line":178,"column":0},"end":{"line":178,"column":9}},"178":{"start":{"line":179,"column":0},"end":{"line":179,"column":5}},"180":{"start":{"line":181,"column":0},"end":{"line":181,"column":31}},"181":{"start":{"line":182,"column":0},"end":{"line":182,"column":82}},"182":{"start":{"line":183,"column":0},"end":{"line":183,"column":8}},"183":{"start":{"line":184,"column":0},"end":{"line":184,"column":29}},"184":{"start":{"line":185,"column":0},"end":{"line":185,"column":51}},"185":{"start":{"line":186,"column":0},"end":{"line":186,"column":46}},"186":{"start":{"line":187,"column":0},"end":{"line":187,"column":43}},"187":{"start":{"line":188,"column":0},"end":{"line":188,"column":8}},"188":{"start":{"line":189,"column":0},"end":{"line":189,"column":27}},"189":{"start":{"line":190,"column":0},"end":{"line":190,"column":48}},"190":{"start":{"line":191,"column":0},"end":{"line":191,"column":56}},"191":{"start":{"line":192,"column":0},"end":{"line":192,"column":52}},"192":{"start":{"line":193,"column":0},"end":{"line":193,"column":8}},"193":{"start":{"line":194,"column":0},"end":{"line":194,"column":22}},"194":{"start":{"line":195,"column":0},"end":{"line":195,"column":37}},"195":{"start":{"line":196,"column":0},"end":{"line":196,"column":50}},"196":{"start":{"line":197,"column":0},"end":{"line":197,"column":37}},"197":{"start":{"line":198,"column":0},"end":{"line":198,"column":8}},"198":{"start":{"line":199,"column":0},"end":{"line":199,"column":30}},"199":{"start":{"line":200,"column":0},"end":{"line":200,"column":36}},"200":{"start":{"line":201,"column":0},"end":{"line":201,"column":31}},"201":{"start":{"line":202,"column":0},"end":{"line":202,"column":52}},"202":{"start":{"line":203,"column":0},"end":{"line":203,"column":8}},"203":{"start":{"line":204,"column":0},"end":{"line":204,"column":31}},"204":{"start":{"line":205,"column":0},"end":{"line":205,"column":32}},"205":{"start":{"line":206,"column":0},"end":{"line":206,"column":5}},"206":{"start":{"line":207,"column":0},"end":{"line":207,"column":4}},"207":{"start":{"line":208,"column":0},"end":{"line":208,"column":30}},"208":{"start":{"line":209,"column":0},"end":{"line":209,"column":55}},"209":{"start":{"line":210,"column":0},"end":{"line":210,"column":49}},"210":{"start":{"line":211,"column":0},"end":{"line":211,"column":8}},"211":{"start":{"line":212,"column":0},"end":{"line":212,"column":13}},"212":{"start":{"line":213,"column":0},"end":{"line":213,"column":55}},"213":{"start":{"line":214,"column":0},"end":{"line":214,"column":57}},"214":{"start":{"line":215,"column":0},"end":{"line":215,"column":95}},"215":{"start":{"line":216,"column":0},"end":{"line":216,"column":38}},"216":{"start":{"line":217,"column":0},"end":{"line":217,"column":23}},"217":{"start":{"line":218,"column":0},"end":{"line":218,"column":13}},"218":{"start":{"line":219,"column":0},"end":{"line":219,"column":12}},"219":{"start":{"line":220,"column":0},"end":{"line":220,"column":75}},"220":{"start":{"line":221,"column":0},"end":{"line":221,"column":12}},"221":{"start":{"line":222,"column":0},"end":{"line":222,"column":54}},"222":{"start":{"line":223,"column":0},"end":{"line":223,"column":34}},"223":{"start":{"line":224,"column":0},"end":{"line":224,"column":96}},"224":{"start":{"line":225,"column":0},"end":{"line":225,"column":96}},"225":{"start":{"line":226,"column":0},"end":{"line":226,"column":106}},"226":{"start":{"line":227,"column":0},"end":{"line":227,"column":113}},"227":{"start":{"line":228,"column":0},"end":{"line":228,"column":102}},"228":{"start":{"line":229,"column":0},"end":{"line":229,"column":98}},"229":{"start":{"line":230,"column":0},"end":{"line":230,"column":14}},"230":{"start":{"line":231,"column":0},"end":{"line":231,"column":12}},"231":{"start":{"line":232,"column":0},"end":{"line":232,"column":48}},"232":{"start":{"line":233,"column":0},"end":{"line":233,"column":44}},"233":{"start":{"line":234,"column":0},"end":{"line":234,"column":67}},"234":{"start":{"line":235,"column":0},"end":{"line":235,"column":30}},"235":{"start":{"line":236,"column":0},"end":{"line":236,"column":41}},"236":{"start":{"line":237,"column":0},"end":{"line":237,"column":109}},"237":{"start":{"line":238,"column":0},"end":{"line":238,"column":53}},"238":{"start":{"line":239,"column":0},"end":{"line":239,"column":87}},"239":{"start":{"line":240,"column":0},"end":{"line":240,"column":83}},"240":{"start":{"line":241,"column":0},"end":{"line":241,"column":38}},"241":{"start":{"line":242,"column":0},"end":{"line":242,"column":92}},"242":{"start":{"line":243,"column":0},"end":{"line":243,"column":34}},"243":{"start":{"line":244,"column":0},"end":{"line":244,"column":30}},"244":{"start":{"line":245,"column":0},"end":{"line":245,"column":22}},"245":{"start":{"line":246,"column":0},"end":{"line":246,"column":24}},"246":{"start":{"line":247,"column":0},"end":{"line":247,"column":73}},"247":{"start":{"line":248,"column":0},"end":{"line":248,"column":17}},"248":{"start":{"line":249,"column":0},"end":{"line":249,"column":15}},"249":{"start":{"line":250,"column":0},"end":{"line":250,"column":12}},"250":{"start":{"line":251,"column":0},"end":{"line":251,"column":76}},"251":{"start":{"line":252,"column":0},"end":{"line":252,"column":70}},"252":{"start":{"line":253,"column":0},"end":{"line":253,"column":21}},"253":{"start":{"line":254,"column":0},"end":{"line":254,"column":80}},"254":{"start":{"line":255,"column":0},"end":{"line":255,"column":64}},"255":{"start":{"line":256,"column":0},"end":{"line":256,"column":71}},"256":{"start":{"line":257,"column":0},"end":{"line":257,"column":33}},"257":{"start":{"line":258,"column":0},"end":{"line":258,"column":81}},"258":{"start":{"line":259,"column":0},"end":{"line":259,"column":64}},"259":{"start":{"line":260,"column":0},"end":{"line":260,"column":71}},"260":{"start":{"line":261,"column":0},"end":{"line":261,"column":34}},"261":{"start":{"line":262,"column":0},"end":{"line":262,"column":45}},"262":{"start":{"line":263,"column":0},"end":{"line":263,"column":113}},"263":{"start":{"line":264,"column":0},"end":{"line":264,"column":68}},"264":{"start":{"line":265,"column":0},"end":{"line":265,"column":90}},"265":{"start":{"line":266,"column":0},"end":{"line":266,"column":76}},"266":{"start":{"line":267,"column":0},"end":{"line":267,"column":93}},"267":{"start":{"line":268,"column":0},"end":{"line":268,"column":38}},"268":{"start":{"line":269,"column":0},"end":{"line":269,"column":34}},"269":{"start":{"line":270,"column":0},"end":{"line":270,"column":26}},"270":{"start":{"line":271,"column":0},"end":{"line":271,"column":21}},"271":{"start":{"line":272,"column":0},"end":{"line":272,"column":17}},"272":{"start":{"line":273,"column":0},"end":{"line":273,"column":15}},"273":{"start":{"line":274,"column":0},"end":{"line":274,"column":12}},"274":{"start":{"line":275,"column":0},"end":{"line":275,"column":52}},"275":{"start":{"line":276,"column":0},"end":{"line":276,"column":64}},"276":{"start":{"line":277,"column":0},"end":{"line":277,"column":12}},"277":{"start":{"line":278,"column":0},"end":{"line":278,"column":25}},"278":{"start":{"line":279,"column":0},"end":{"line":279,"column":63}},"279":{"start":{"line":280,"column":0},"end":{"line":280,"column":34}},"280":{"start":{"line":281,"column":0},"end":{"line":281,"column":9}},"281":{"start":{"line":282,"column":0},"end":{"line":282,"column":5}},"282":{"start":{"line":283,"column":0},"end":{"line":283,"column":4}},"283":{"start":{"line":284,"column":0},"end":{"line":284,"column":22}},"284":{"start":{"line":285,"column":0},"end":{"line":285,"column":58}},"285":{"start":{"line":286,"column":0},"end":{"line":286,"column":73}},"286":{"start":{"line":287,"column":0},"end":{"line":287,"column":137}},"287":{"start":{"line":288,"column":0},"end":{"line":288,"column":8}},"288":{"start":{"line":289,"column":0},"end":{"line":289,"column":32}},"289":{"start":{"line":290,"column":0},"end":{"line":290,"column":56}},"290":{"start":{"line":291,"column":0},"end":{"line":291,"column":26}},"291":{"start":{"line":292,"column":0},"end":{"line":292,"column":37}},"292":{"start":{"line":293,"column":0},"end":{"line":293,"column":105}},"293":{"start":{"line":294,"column":0},"end":{"line":294,"column":60}},"294":{"start":{"line":295,"column":0},"end":{"line":295,"column":72}},"295":{"start":{"line":296,"column":0},"end":{"line":296,"column":63}},"296":{"start":{"line":297,"column":0},"end":{"line":297,"column":84}},"297":{"start":{"line":298,"column":0},"end":{"line":298,"column":30}},"298":{"start":{"line":299,"column":0},"end":{"line":299,"column":26}},"299":{"start":{"line":300,"column":0},"end":{"line":300,"column":18}},"300":{"start":{"line":301,"column":0},"end":{"line":301,"column":13}},"301":{"start":{"line":302,"column":0},"end":{"line":302,"column":11}},"302":{"start":{"line":303,"column":0},"end":{"line":303,"column":5}},"304":{"start":{"line":305,"column":0},"end":{"line":305,"column":37}},"305":{"start":{"line":306,"column":0},"end":{"line":306,"column":13}},"306":{"start":{"line":307,"column":0},"end":{"line":307,"column":51}},"307":{"start":{"line":308,"column":0},"end":{"line":308,"column":25}},"308":{"start":{"line":309,"column":0},"end":{"line":309,"column":71}},"309":{"start":{"line":310,"column":0},"end":{"line":310,"column":63}},"310":{"start":{"line":311,"column":0},"end":{"line":311,"column":26}},"311":{"start":{"line":312,"column":0},"end":{"line":312,"column":37}},"312":{"start":{"line":313,"column":0},"end":{"line":313,"column":92}},"313":{"start":{"line":314,"column":0},"end":{"line":314,"column":67}},"314":{"start":{"line":315,"column":0},"end":{"line":315,"column":77}},"315":{"start":{"line":316,"column":0},"end":{"line":316,"column":88}},"316":{"start":{"line":317,"column":0},"end":{"line":317,"column":26}},"317":{"start":{"line":318,"column":0},"end":{"line":318,"column":18}},"318":{"start":{"line":319,"column":0},"end":{"line":319,"column":13}},"319":{"start":{"line":320,"column":0},"end":{"line":320,"column":9}},"320":{"start":{"line":321,"column":0},"end":{"line":321,"column":5}},"322":{"start":{"line":323,"column":0},"end":{"line":323,"column":43}},"323":{"start":{"line":324,"column":0},"end":{"line":324,"column":77}},"324":{"start":{"line":325,"column":0},"end":{"line":325,"column":8}},"325":{"start":{"line":326,"column":0},"end":{"line":326,"column":47}},"326":{"start":{"line":327,"column":0},"end":{"line":327,"column":46}},"327":{"start":{"line":328,"column":0},"end":{"line":328,"column":19}},"328":{"start":{"line":329,"column":0},"end":{"line":329,"column":9}},"329":{"start":{"line":330,"column":0},"end":{"line":330,"column":8}},"330":{"start":{"line":331,"column":0},"end":{"line":331,"column":65}},"331":{"start":{"line":332,"column":0},"end":{"line":332,"column":68}},"332":{"start":{"line":333,"column":0},"end":{"line":333,"column":66}},"333":{"start":{"line":334,"column":0},"end":{"line":334,"column":68}},"334":{"start":{"line":335,"column":0},"end":{"line":335,"column":8}},"335":{"start":{"line":336,"column":0},"end":{"line":336,"column":24}},"336":{"start":{"line":337,"column":0},"end":{"line":337,"column":13}},"337":{"start":{"line":338,"column":0},"end":{"line":338,"column":25}},"338":{"start":{"line":339,"column":0},"end":{"line":339,"column":28}},"339":{"start":{"line":340,"column":0},"end":{"line":340,"column":32}},"340":{"start":{"line":341,"column":0},"end":{"line":341,"column":38}},"341":{"start":{"line":342,"column":0},"end":{"line":342,"column":43}},"342":{"start":{"line":343,"column":0},"end":{"line":343,"column":24}},"343":{"start":{"line":344,"column":0},"end":{"line":344,"column":38}},"344":{"start":{"line":345,"column":0},"end":{"line":345,"column":29}},"345":{"start":{"line":346,"column":0},"end":{"line":346,"column":36}},"346":{"start":{"line":347,"column":0},"end":{"line":347,"column":34}},"347":{"start":{"line":348,"column":0},"end":{"line":348,"column":18}},"348":{"start":{"line":349,"column":0},"end":{"line":349,"column":26}},"349":{"start":{"line":350,"column":0},"end":{"line":350,"column":29}},"350":{"start":{"line":351,"column":0},"end":{"line":351,"column":37}},"351":{"start":{"line":352,"column":0},"end":{"line":352,"column":27}},"352":{"start":{"line":353,"column":0},"end":{"line":353,"column":41}},"353":{"start":{"line":354,"column":0},"end":{"line":354,"column":32}},"354":{"start":{"line":355,"column":0},"end":{"line":355,"column":22}},"355":{"start":{"line":356,"column":0},"end":{"line":356,"column":36}},"356":{"start":{"line":357,"column":0},"end":{"line":357,"column":18}},"357":{"start":{"line":358,"column":0},"end":{"line":358,"column":62}},"358":{"start":{"line":359,"column":0},"end":{"line":359,"column":48}},"359":{"start":{"line":360,"column":0},"end":{"line":360,"column":54}},"360":{"start":{"line":361,"column":0},"end":{"line":361,"column":48}},"361":{"start":{"line":362,"column":0},"end":{"line":362,"column":29}},"362":{"start":{"line":363,"column":0},"end":{"line":363,"column":54}},"363":{"start":{"line":364,"column":0},"end":{"line":364,"column":43}},"364":{"start":{"line":365,"column":0},"end":{"line":365,"column":56}},"365":{"start":{"line":366,"column":0},"end":{"line":366,"column":17}},"366":{"start":{"line":367,"column":0},"end":{"line":367,"column":14}},"367":{"start":{"line":368,"column":0},"end":{"line":368,"column":13}},"368":{"start":{"line":369,"column":0},"end":{"line":369,"column":25}},"369":{"start":{"line":370,"column":0},"end":{"line":370,"column":27}},"370":{"start":{"line":371,"column":0},"end":{"line":371,"column":32}},"371":{"start":{"line":372,"column":0},"end":{"line":372,"column":38}},"372":{"start":{"line":373,"column":0},"end":{"line":373,"column":44}},"373":{"start":{"line":374,"column":0},"end":{"line":374,"column":24}},"374":{"start":{"line":375,"column":0},"end":{"line":375,"column":38}},"375":{"start":{"line":376,"column":0},"end":{"line":376,"column":29}},"376":{"start":{"line":377,"column":0},"end":{"line":377,"column":36}},"377":{"start":{"line":378,"column":0},"end":{"line":378,"column":34}},"378":{"start":{"line":379,"column":0},"end":{"line":379,"column":18}},"379":{"start":{"line":380,"column":0},"end":{"line":380,"column":26}},"380":{"start":{"line":381,"column":0},"end":{"line":381,"column":29}},"381":{"start":{"line":382,"column":0},"end":{"line":382,"column":37}},"382":{"start":{"line":383,"column":0},"end":{"line":383,"column":27}},"383":{"start":{"line":384,"column":0},"end":{"line":384,"column":41}},"384":{"start":{"line":385,"column":0},"end":{"line":385,"column":32}},"385":{"start":{"line":386,"column":0},"end":{"line":386,"column":22}},"386":{"start":{"line":387,"column":0},"end":{"line":387,"column":37}},"387":{"start":{"line":388,"column":0},"end":{"line":388,"column":18}},"388":{"start":{"line":389,"column":0},"end":{"line":389,"column":62}},"389":{"start":{"line":390,"column":0},"end":{"line":390,"column":48}},"390":{"start":{"line":391,"column":0},"end":{"line":391,"column":54}},"391":{"start":{"line":392,"column":0},"end":{"line":392,"column":48}},"392":{"start":{"line":393,"column":0},"end":{"line":393,"column":29}},"393":{"start":{"line":394,"column":0},"end":{"line":394,"column":54}},"394":{"start":{"line":395,"column":0},"end":{"line":395,"column":43}},"395":{"start":{"line":396,"column":0},"end":{"line":396,"column":56}},"396":{"start":{"line":397,"column":0},"end":{"line":397,"column":17}},"397":{"start":{"line":398,"column":0},"end":{"line":398,"column":14}},"398":{"start":{"line":399,"column":0},"end":{"line":399,"column":13}},"399":{"start":{"line":400,"column":0},"end":{"line":400,"column":25}},"400":{"start":{"line":401,"column":0},"end":{"line":401,"column":28}},"401":{"start":{"line":402,"column":0},"end":{"line":402,"column":32}},"402":{"start":{"line":403,"column":0},"end":{"line":403,"column":38}},"403":{"start":{"line":404,"column":0},"end":{"line":404,"column":46}},"404":{"start":{"line":405,"column":0},"end":{"line":405,"column":24}},"405":{"start":{"line":406,"column":0},"end":{"line":406,"column":38}},"406":{"start":{"line":407,"column":0},"end":{"line":407,"column":29}},"407":{"start":{"line":408,"column":0},"end":{"line":408,"column":36}},"408":{"start":{"line":409,"column":0},"end":{"line":409,"column":34}},"409":{"start":{"line":410,"column":0},"end":{"line":410,"column":18}},"410":{"start":{"line":411,"column":0},"end":{"line":411,"column":26}},"411":{"start":{"line":412,"column":0},"end":{"line":412,"column":29}},"412":{"start":{"line":413,"column":0},"end":{"line":413,"column":37}},"413":{"start":{"line":414,"column":0},"end":{"line":414,"column":27}},"414":{"start":{"line":415,"column":0},"end":{"line":415,"column":41}},"415":{"start":{"line":416,"column":0},"end":{"line":416,"column":32}},"416":{"start":{"line":417,"column":0},"end":{"line":417,"column":22}},"417":{"start":{"line":418,"column":0},"end":{"line":418,"column":36}},"418":{"start":{"line":419,"column":0},"end":{"line":419,"column":18}},"419":{"start":{"line":420,"column":0},"end":{"line":420,"column":62}},"420":{"start":{"line":421,"column":0},"end":{"line":421,"column":48}},"421":{"start":{"line":422,"column":0},"end":{"line":422,"column":54}},"422":{"start":{"line":423,"column":0},"end":{"line":423,"column":48}},"423":{"start":{"line":424,"column":0},"end":{"line":424,"column":29}},"424":{"start":{"line":425,"column":0},"end":{"line":425,"column":56}},"425":{"start":{"line":426,"column":0},"end":{"line":426,"column":43}},"426":{"start":{"line":427,"column":0},"end":{"line":427,"column":56}},"427":{"start":{"line":428,"column":0},"end":{"line":428,"column":17}},"428":{"start":{"line":429,"column":0},"end":{"line":429,"column":13}},"429":{"start":{"line":430,"column":0},"end":{"line":430,"column":10}},"430":{"start":{"line":431,"column":0},"end":{"line":431,"column":8}},"431":{"start":{"line":432,"column":0},"end":{"line":432,"column":24}},"432":{"start":{"line":433,"column":0},"end":{"line":433,"column":20}},"433":{"start":{"line":434,"column":0},"end":{"line":434,"column":63}},"434":{"start":{"line":435,"column":0},"end":{"line":435,"column":23}},"435":{"start":{"line":436,"column":0},"end":{"line":436,"column":29}},"436":{"start":{"line":437,"column":0},"end":{"line":437,"column":37}},"437":{"start":{"line":438,"column":0},"end":{"line":438,"column":82}},"438":{"start":{"line":439,"column":0},"end":{"line":439,"column":18}},"439":{"start":{"line":440,"column":0},"end":{"line":440,"column":23}},"440":{"start":{"line":441,"column":0},"end":{"line":441,"column":33}},"441":{"start":{"line":442,"column":0},"end":{"line":442,"column":14}},"442":{"start":{"line":443,"column":0},"end":{"line":443,"column":21}},"443":{"start":{"line":444,"column":0},"end":{"line":444,"column":24}},"444":{"start":{"line":445,"column":0},"end":{"line":445,"column":40}},"445":{"start":{"line":446,"column":0},"end":{"line":446,"column":27}},"446":{"start":{"line":447,"column":0},"end":{"line":447,"column":33}},"447":{"start":{"line":448,"column":0},"end":{"line":448,"column":41}},"448":{"start":{"line":449,"column":0},"end":{"line":449,"column":86}},"449":{"start":{"line":450,"column":0},"end":{"line":450,"column":21}},"450":{"start":{"line":451,"column":0},"end":{"line":451,"column":18}},"451":{"start":{"line":452,"column":0},"end":{"line":452,"column":27}},"452":{"start":{"line":453,"column":0},"end":{"line":453,"column":29}},"453":{"start":{"line":454,"column":0},"end":{"line":454,"column":37}},"454":{"start":{"line":455,"column":0},"end":{"line":455,"column":82}},"455":{"start":{"line":456,"column":0},"end":{"line":456,"column":18}},"456":{"start":{"line":457,"column":0},"end":{"line":457,"column":54}},"457":{"start":{"line":458,"column":0},"end":{"line":458,"column":54}},"458":{"start":{"line":459,"column":0},"end":{"line":459,"column":53}},"459":{"start":{"line":460,"column":0},"end":{"line":460,"column":14}},"460":{"start":{"line":461,"column":0},"end":{"line":461,"column":21}},"461":{"start":{"line":462,"column":0},"end":{"line":462,"column":24}},"462":{"start":{"line":463,"column":0},"end":{"line":463,"column":48}},"463":{"start":{"line":464,"column":0},"end":{"line":464,"column":27}},"464":{"start":{"line":465,"column":0},"end":{"line":465,"column":33}},"465":{"start":{"line":466,"column":0},"end":{"line":466,"column":41}},"466":{"start":{"line":467,"column":0},"end":{"line":467,"column":86}},"467":{"start":{"line":468,"column":0},"end":{"line":468,"column":21}},"468":{"start":{"line":469,"column":0},"end":{"line":469,"column":18}},"469":{"start":{"line":470,"column":0},"end":{"line":470,"column":27}},"470":{"start":{"line":471,"column":0},"end":{"line":471,"column":29}},"471":{"start":{"line":472,"column":0},"end":{"line":472,"column":37}},"472":{"start":{"line":473,"column":0},"end":{"line":473,"column":82}},"473":{"start":{"line":474,"column":0},"end":{"line":474,"column":18}},"474":{"start":{"line":475,"column":0},"end":{"line":475,"column":54}},"475":{"start":{"line":476,"column":0},"end":{"line":476,"column":54}},"476":{"start":{"line":477,"column":0},"end":{"line":477,"column":54}},"477":{"start":{"line":478,"column":0},"end":{"line":478,"column":31}},"478":{"start":{"line":479,"column":0},"end":{"line":479,"column":58}},"479":{"start":{"line":480,"column":0},"end":{"line":480,"column":32}},"480":{"start":{"line":481,"column":0},"end":{"line":481,"column":14}},"481":{"start":{"line":482,"column":0},"end":{"line":482,"column":42}},"482":{"start":{"line":483,"column":0},"end":{"line":483,"column":43}},"483":{"start":{"line":484,"column":0},"end":{"line":484,"column":20}},"484":{"start":{"line":485,"column":0},"end":{"line":485,"column":33}},"485":{"start":{"line":486,"column":0},"end":{"line":486,"column":78}},"486":{"start":{"line":487,"column":0},"end":{"line":487,"column":14}},"487":{"start":{"line":488,"column":0},"end":{"line":488,"column":22}},"488":{"start":{"line":489,"column":0},"end":{"line":489,"column":24}},"489":{"start":{"line":490,"column":0},"end":{"line":490,"column":24}},"490":{"start":{"line":491,"column":0},"end":{"line":491,"column":46}},"491":{"start":{"line":492,"column":0},"end":{"line":492,"column":56}},"492":{"start":{"line":493,"column":0},"end":{"line":493,"column":31}},"493":{"start":{"line":494,"column":0},"end":{"line":494,"column":23}},"494":{"start":{"line":495,"column":0},"end":{"line":495,"column":29}},"495":{"start":{"line":496,"column":0},"end":{"line":496,"column":37}},"496":{"start":{"line":497,"column":0},"end":{"line":497,"column":82}},"497":{"start":{"line":498,"column":0},"end":{"line":498,"column":17}},"498":{"start":{"line":499,"column":0},"end":{"line":499,"column":14}},"499":{"start":{"line":500,"column":0},"end":{"line":500,"column":21}},"500":{"start":{"line":501,"column":0},"end":{"line":501,"column":22}},"501":{"start":{"line":502,"column":0},"end":{"line":502,"column":22}},"502":{"start":{"line":503,"column":0},"end":{"line":503,"column":22}},"503":{"start":{"line":504,"column":0},"end":{"line":504,"column":21}},"504":{"start":{"line":505,"column":0},"end":{"line":505,"column":14}},"505":{"start":{"line":506,"column":0},"end":{"line":506,"column":26}},"506":{"start":{"line":507,"column":0},"end":{"line":507,"column":17}},"507":{"start":{"line":508,"column":0},"end":{"line":508,"column":134}},"508":{"start":{"line":509,"column":0},"end":{"line":509,"column":37}},"509":{"start":{"line":510,"column":0},"end":{"line":510,"column":27}},"510":{"start":{"line":511,"column":0},"end":{"line":511,"column":29}},"511":{"start":{"line":512,"column":0},"end":{"line":512,"column":34}},"512":{"start":{"line":513,"column":0},"end":{"line":513,"column":34}},"513":{"start":{"line":514,"column":0},"end":{"line":514,"column":38}},"514":{"start":{"line":515,"column":0},"end":{"line":515,"column":35}},"515":{"start":{"line":516,"column":0},"end":{"line":516,"column":27}},"516":{"start":{"line":517,"column":0},"end":{"line":517,"column":33}},"517":{"start":{"line":518,"column":0},"end":{"line":518,"column":41}},"518":{"start":{"line":519,"column":0},"end":{"line":519,"column":86}},"519":{"start":{"line":520,"column":0},"end":{"line":520,"column":21}},"520":{"start":{"line":521,"column":0},"end":{"line":521,"column":17}},"521":{"start":{"line":522,"column":0},"end":{"line":522,"column":13}},"522":{"start":{"line":523,"column":0},"end":{"line":523,"column":10}},"523":{"start":{"line":524,"column":0},"end":{"line":524,"column":8}},"524":{"start":{"line":525,"column":0},"end":{"line":525,"column":24}},"525":{"start":{"line":526,"column":0},"end":{"line":526,"column":29}},"526":{"start":{"line":527,"column":0},"end":{"line":527,"column":34}},"527":{"start":{"line":528,"column":0},"end":{"line":528,"column":29}},"528":{"start":{"line":529,"column":0},"end":{"line":529,"column":10}},"530":{"start":{"line":531,"column":0},"end":{"line":531,"column":67}},"531":{"start":{"line":532,"column":0},"end":{"line":532,"column":5}},"533":{"start":{"line":534,"column":0},"end":{"line":534,"column":34}},"534":{"start":{"line":535,"column":0},"end":{"line":535,"column":56}},"535":{"start":{"line":536,"column":0},"end":{"line":536,"column":49}},"536":{"start":{"line":537,"column":0},"end":{"line":537,"column":47}},"537":{"start":{"line":538,"column":0},"end":{"line":538,"column":49}},"538":{"start":{"line":539,"column":0},"end":{"line":539,"column":8}},"539":{"start":{"line":540,"column":0},"end":{"line":540,"column":114}},"540":{"start":{"line":541,"column":0},"end":{"line":541,"column":90}},"541":{"start":{"line":542,"column":0},"end":{"line":542,"column":88}},"542":{"start":{"line":543,"column":0},"end":{"line":543,"column":90}},"543":{"start":{"line":544,"column":0},"end":{"line":544,"column":8}},"544":{"start":{"line":545,"column":0},"end":{"line":545,"column":24}},"545":{"start":{"line":546,"column":0},"end":{"line":546,"column":13}},"546":{"start":{"line":547,"column":0},"end":{"line":547,"column":28}},"547":{"start":{"line":548,"column":0},"end":{"line":548,"column":35}},"548":{"start":{"line":549,"column":0},"end":{"line":549,"column":32}},"549":{"start":{"line":550,"column":0},"end":{"line":550,"column":38}},"550":{"start":{"line":551,"column":0},"end":{"line":551,"column":43}},"551":{"start":{"line":552,"column":0},"end":{"line":552,"column":24}},"552":{"start":{"line":553,"column":0},"end":{"line":553,"column":38}},"553":{"start":{"line":554,"column":0},"end":{"line":554,"column":29}},"554":{"start":{"line":555,"column":0},"end":{"line":555,"column":36}},"555":{"start":{"line":556,"column":0},"end":{"line":556,"column":34}},"556":{"start":{"line":557,"column":0},"end":{"line":557,"column":18}},"557":{"start":{"line":558,"column":0},"end":{"line":558,"column":26}},"558":{"start":{"line":559,"column":0},"end":{"line":559,"column":29}},"559":{"start":{"line":560,"column":0},"end":{"line":560,"column":37}},"560":{"start":{"line":561,"column":0},"end":{"line":561,"column":27}},"561":{"start":{"line":562,"column":0},"end":{"line":562,"column":41}},"562":{"start":{"line":563,"column":0},"end":{"line":563,"column":32}},"563":{"start":{"line":564,"column":0},"end":{"line":564,"column":22}},"564":{"start":{"line":565,"column":0},"end":{"line":565,"column":36}},"565":{"start":{"line":566,"column":0},"end":{"line":566,"column":18}},"566":{"start":{"line":567,"column":0},"end":{"line":567,"column":62}},"567":{"start":{"line":568,"column":0},"end":{"line":568,"column":50}},"568":{"start":{"line":569,"column":0},"end":{"line":569,"column":54}},"569":{"start":{"line":570,"column":0},"end":{"line":570,"column":48}},"570":{"start":{"line":571,"column":0},"end":{"line":571,"column":29}},"571":{"start":{"line":572,"column":0},"end":{"line":572,"column":54}},"572":{"start":{"line":573,"column":0},"end":{"line":573,"column":43}},"573":{"start":{"line":574,"column":0},"end":{"line":574,"column":56}},"574":{"start":{"line":575,"column":0},"end":{"line":575,"column":17}},"575":{"start":{"line":576,"column":0},"end":{"line":576,"column":14}},"576":{"start":{"line":577,"column":0},"end":{"line":577,"column":13}},"577":{"start":{"line":578,"column":0},"end":{"line":578,"column":28}},"578":{"start":{"line":579,"column":0},"end":{"line":579,"column":34}},"579":{"start":{"line":580,"column":0},"end":{"line":580,"column":32}},"580":{"start":{"line":581,"column":0},"end":{"line":581,"column":38}},"581":{"start":{"line":582,"column":0},"end":{"line":582,"column":44}},"582":{"start":{"line":583,"column":0},"end":{"line":583,"column":24}},"583":{"start":{"line":584,"column":0},"end":{"line":584,"column":38}},"584":{"start":{"line":585,"column":0},"end":{"line":585,"column":29}},"585":{"start":{"line":586,"column":0},"end":{"line":586,"column":36}},"586":{"start":{"line":587,"column":0},"end":{"line":587,"column":34}},"587":{"start":{"line":588,"column":0},"end":{"line":588,"column":18}},"588":{"start":{"line":589,"column":0},"end":{"line":589,"column":26}},"589":{"start":{"line":590,"column":0},"end":{"line":590,"column":29}},"590":{"start":{"line":591,"column":0},"end":{"line":591,"column":37}},"591":{"start":{"line":592,"column":0},"end":{"line":592,"column":27}},"592":{"start":{"line":593,"column":0},"end":{"line":593,"column":41}},"593":{"start":{"line":594,"column":0},"end":{"line":594,"column":32}},"594":{"start":{"line":595,"column":0},"end":{"line":595,"column":22}},"595":{"start":{"line":596,"column":0},"end":{"line":596,"column":37}},"596":{"start":{"line":597,"column":0},"end":{"line":597,"column":18}},"597":{"start":{"line":598,"column":0},"end":{"line":598,"column":62}},"598":{"start":{"line":599,"column":0},"end":{"line":599,"column":50}},"599":{"start":{"line":600,"column":0},"end":{"line":600,"column":54}},"600":{"start":{"line":601,"column":0},"end":{"line":601,"column":48}},"601":{"start":{"line":602,"column":0},"end":{"line":602,"column":29}},"602":{"start":{"line":603,"column":0},"end":{"line":603,"column":54}},"603":{"start":{"line":604,"column":0},"end":{"line":604,"column":43}},"604":{"start":{"line":605,"column":0},"end":{"line":605,"column":56}},"605":{"start":{"line":606,"column":0},"end":{"line":606,"column":17}},"606":{"start":{"line":607,"column":0},"end":{"line":607,"column":14}},"607":{"start":{"line":608,"column":0},"end":{"line":608,"column":13}},"608":{"start":{"line":609,"column":0},"end":{"line":609,"column":28}},"609":{"start":{"line":610,"column":0},"end":{"line":610,"column":35}},"610":{"start":{"line":611,"column":0},"end":{"line":611,"column":32}},"611":{"start":{"line":612,"column":0},"end":{"line":612,"column":38}},"612":{"start":{"line":613,"column":0},"end":{"line":613,"column":46}},"613":{"start":{"line":614,"column":0},"end":{"line":614,"column":24}},"614":{"start":{"line":615,"column":0},"end":{"line":615,"column":38}},"615":{"start":{"line":616,"column":0},"end":{"line":616,"column":29}},"616":{"start":{"line":617,"column":0},"end":{"line":617,"column":36}},"617":{"start":{"line":618,"column":0},"end":{"line":618,"column":34}},"618":{"start":{"line":619,"column":0},"end":{"line":619,"column":18}},"619":{"start":{"line":620,"column":0},"end":{"line":620,"column":26}},"620":{"start":{"line":621,"column":0},"end":{"line":621,"column":29}},"621":{"start":{"line":622,"column":0},"end":{"line":622,"column":37}},"622":{"start":{"line":623,"column":0},"end":{"line":623,"column":27}},"623":{"start":{"line":624,"column":0},"end":{"line":624,"column":41}},"624":{"start":{"line":625,"column":0},"end":{"line":625,"column":32}},"625":{"start":{"line":626,"column":0},"end":{"line":626,"column":22}},"626":{"start":{"line":627,"column":0},"end":{"line":627,"column":36}},"627":{"start":{"line":628,"column":0},"end":{"line":628,"column":18}},"628":{"start":{"line":629,"column":0},"end":{"line":629,"column":62}},"629":{"start":{"line":630,"column":0},"end":{"line":630,"column":50}},"630":{"start":{"line":631,"column":0},"end":{"line":631,"column":54}},"631":{"start":{"line":632,"column":0},"end":{"line":632,"column":48}},"632":{"start":{"line":633,"column":0},"end":{"line":633,"column":29}},"633":{"start":{"line":634,"column":0},"end":{"line":634,"column":56}},"634":{"start":{"line":635,"column":0},"end":{"line":635,"column":43}},"635":{"start":{"line":636,"column":0},"end":{"line":636,"column":56}},"636":{"start":{"line":637,"column":0},"end":{"line":637,"column":17}},"637":{"start":{"line":638,"column":0},"end":{"line":638,"column":13}},"638":{"start":{"line":639,"column":0},"end":{"line":639,"column":10}},"639":{"start":{"line":640,"column":0},"end":{"line":640,"column":8}},"640":{"start":{"line":641,"column":0},"end":{"line":641,"column":24}},"641":{"start":{"line":642,"column":0},"end":{"line":642,"column":20}},"642":{"start":{"line":643,"column":0},"end":{"line":643,"column":63}},"643":{"start":{"line":644,"column":0},"end":{"line":644,"column":23}},"644":{"start":{"line":645,"column":0},"end":{"line":645,"column":29}},"645":{"start":{"line":646,"column":0},"end":{"line":646,"column":37}},"646":{"start":{"line":647,"column":0},"end":{"line":647,"column":82}},"647":{"start":{"line":648,"column":0},"end":{"line":648,"column":18}},"648":{"start":{"line":649,"column":0},"end":{"line":649,"column":23}},"649":{"start":{"line":650,"column":0},"end":{"line":650,"column":33}},"650":{"start":{"line":651,"column":0},"end":{"line":651,"column":14}},"651":{"start":{"line":652,"column":0},"end":{"line":652,"column":21}},"652":{"start":{"line":653,"column":0},"end":{"line":653,"column":24}},"653":{"start":{"line":654,"column":0},"end":{"line":654,"column":47}},"654":{"start":{"line":655,"column":0},"end":{"line":655,"column":27}},"655":{"start":{"line":656,"column":0},"end":{"line":656,"column":33}},"656":{"start":{"line":657,"column":0},"end":{"line":657,"column":41}},"657":{"start":{"line":658,"column":0},"end":{"line":658,"column":86}},"658":{"start":{"line":659,"column":0},"end":{"line":659,"column":21}},"659":{"start":{"line":660,"column":0},"end":{"line":660,"column":18}},"660":{"start":{"line":661,"column":0},"end":{"line":661,"column":27}},"661":{"start":{"line":662,"column":0},"end":{"line":662,"column":29}},"662":{"start":{"line":663,"column":0},"end":{"line":663,"column":37}},"663":{"start":{"line":664,"column":0},"end":{"line":664,"column":82}},"664":{"start":{"line":665,"column":0},"end":{"line":665,"column":18}},"665":{"start":{"line":666,"column":0},"end":{"line":666,"column":54}},"666":{"start":{"line":667,"column":0},"end":{"line":667,"column":54}},"667":{"start":{"line":668,"column":0},"end":{"line":668,"column":54}},"668":{"start":{"line":669,"column":0},"end":{"line":669,"column":30}},"669":{"start":{"line":670,"column":0},"end":{"line":670,"column":14}},"670":{"start":{"line":671,"column":0},"end":{"line":671,"column":21}},"671":{"start":{"line":672,"column":0},"end":{"line":672,"column":24}},"672":{"start":{"line":673,"column":0},"end":{"line":673,"column":48}},"673":{"start":{"line":674,"column":0},"end":{"line":674,"column":27}},"674":{"start":{"line":675,"column":0},"end":{"line":675,"column":33}},"675":{"start":{"line":676,"column":0},"end":{"line":676,"column":41}},"676":{"start":{"line":677,"column":0},"end":{"line":677,"column":86}},"677":{"start":{"line":678,"column":0},"end":{"line":678,"column":21}},"678":{"start":{"line":679,"column":0},"end":{"line":679,"column":18}},"679":{"start":{"line":680,"column":0},"end":{"line":680,"column":27}},"680":{"start":{"line":681,"column":0},"end":{"line":681,"column":29}},"681":{"start":{"line":682,"column":0},"end":{"line":682,"column":37}},"682":{"start":{"line":683,"column":0},"end":{"line":683,"column":82}},"683":{"start":{"line":684,"column":0},"end":{"line":684,"column":18}},"684":{"start":{"line":685,"column":0},"end":{"line":685,"column":54}},"685":{"start":{"line":686,"column":0},"end":{"line":686,"column":54}},"686":{"start":{"line":687,"column":0},"end":{"line":687,"column":54}},"687":{"start":{"line":688,"column":0},"end":{"line":688,"column":31}},"688":{"start":{"line":689,"column":0},"end":{"line":689,"column":58}},"689":{"start":{"line":690,"column":0},"end":{"line":690,"column":32}},"690":{"start":{"line":691,"column":0},"end":{"line":691,"column":14}},"691":{"start":{"line":692,"column":0},"end":{"line":692,"column":42}},"692":{"start":{"line":693,"column":0},"end":{"line":693,"column":43}},"693":{"start":{"line":694,"column":0},"end":{"line":694,"column":20}},"694":{"start":{"line":695,"column":0},"end":{"line":695,"column":33}},"695":{"start":{"line":696,"column":0},"end":{"line":696,"column":78}},"696":{"start":{"line":697,"column":0},"end":{"line":697,"column":14}},"697":{"start":{"line":698,"column":0},"end":{"line":698,"column":22}},"698":{"start":{"line":699,"column":0},"end":{"line":699,"column":24}},"699":{"start":{"line":700,"column":0},"end":{"line":700,"column":24}},"700":{"start":{"line":701,"column":0},"end":{"line":701,"column":46}},"701":{"start":{"line":702,"column":0},"end":{"line":702,"column":56}},"702":{"start":{"line":703,"column":0},"end":{"line":703,"column":31}},"703":{"start":{"line":704,"column":0},"end":{"line":704,"column":23}},"704":{"start":{"line":705,"column":0},"end":{"line":705,"column":29}},"705":{"start":{"line":706,"column":0},"end":{"line":706,"column":37}},"706":{"start":{"line":707,"column":0},"end":{"line":707,"column":82}},"707":{"start":{"line":708,"column":0},"end":{"line":708,"column":17}},"708":{"start":{"line":709,"column":0},"end":{"line":709,"column":14}},"709":{"start":{"line":710,"column":0},"end":{"line":710,"column":21}},"710":{"start":{"line":711,"column":0},"end":{"line":711,"column":22}},"711":{"start":{"line":712,"column":0},"end":{"line":712,"column":22}},"712":{"start":{"line":713,"column":0},"end":{"line":713,"column":22}},"713":{"start":{"line":714,"column":0},"end":{"line":714,"column":21}},"714":{"start":{"line":715,"column":0},"end":{"line":715,"column":14}},"715":{"start":{"line":716,"column":0},"end":{"line":716,"column":26}},"716":{"start":{"line":717,"column":0},"end":{"line":717,"column":17}},"717":{"start":{"line":718,"column":0},"end":{"line":718,"column":134}},"718":{"start":{"line":719,"column":0},"end":{"line":719,"column":37}},"719":{"start":{"line":720,"column":0},"end":{"line":720,"column":27}},"720":{"start":{"line":721,"column":0},"end":{"line":721,"column":28}},"721":{"start":{"line":722,"column":0},"end":{"line":722,"column":34}},"722":{"start":{"line":723,"column":0},"end":{"line":723,"column":34}},"723":{"start":{"line":724,"column":0},"end":{"line":724,"column":38}},"724":{"start":{"line":725,"column":0},"end":{"line":725,"column":35}},"725":{"start":{"line":726,"column":0},"end":{"line":726,"column":27}},"726":{"start":{"line":727,"column":0},"end":{"line":727,"column":33}},"727":{"start":{"line":728,"column":0},"end":{"line":728,"column":41}},"728":{"start":{"line":729,"column":0},"end":{"line":729,"column":86}},"729":{"start":{"line":730,"column":0},"end":{"line":730,"column":21}},"730":{"start":{"line":731,"column":0},"end":{"line":731,"column":17}},"731":{"start":{"line":732,"column":0},"end":{"line":732,"column":13}},"732":{"start":{"line":733,"column":0},"end":{"line":733,"column":10}},"733":{"start":{"line":734,"column":0},"end":{"line":734,"column":8}},"734":{"start":{"line":735,"column":0},"end":{"line":735,"column":24}},"735":{"start":{"line":736,"column":0},"end":{"line":736,"column":29}},"736":{"start":{"line":737,"column":0},"end":{"line":737,"column":34}},"737":{"start":{"line":738,"column":0},"end":{"line":738,"column":29}},"738":{"start":{"line":739,"column":0},"end":{"line":739,"column":10}},"740":{"start":{"line":741,"column":0},"end":{"line":741,"column":67}},"741":{"start":{"line":742,"column":0},"end":{"line":742,"column":5}},"743":{"start":{"line":744,"column":0},"end":{"line":744,"column":38}},"744":{"start":{"line":745,"column":0},"end":{"line":745,"column":60}},"745":{"start":{"line":746,"column":0},"end":{"line":746,"column":8}},"746":{"start":{"line":747,"column":0},"end":{"line":747,"column":38}},"747":{"start":{"line":748,"column":0},"end":{"line":748,"column":41}},"748":{"start":{"line":749,"column":0},"end":{"line":749,"column":19}},"749":{"start":{"line":750,"column":0},"end":{"line":750,"column":9}},"750":{"start":{"line":751,"column":0},"end":{"line":751,"column":8}},"751":{"start":{"line":752,"column":0},"end":{"line":752,"column":56}},"752":{"start":{"line":753,"column":0},"end":{"line":753,"column":80}},"753":{"start":{"line":754,"column":0},"end":{"line":754,"column":68}},"754":{"start":{"line":755,"column":0},"end":{"line":755,"column":8}},"755":{"start":{"line":756,"column":0},"end":{"line":756,"column":24}},"756":{"start":{"line":757,"column":0},"end":{"line":757,"column":13}},"757":{"start":{"line":758,"column":0},"end":{"line":758,"column":25}},"758":{"start":{"line":759,"column":0},"end":{"line":759,"column":34}},"759":{"start":{"line":760,"column":0},"end":{"line":760,"column":32}},"760":{"start":{"line":761,"column":0},"end":{"line":761,"column":38}},"761":{"start":{"line":762,"column":0},"end":{"line":762,"column":49}},"762":{"start":{"line":763,"column":0},"end":{"line":763,"column":53}},"763":{"start":{"line":764,"column":0},"end":{"line":764,"column":35}},"764":{"start":{"line":765,"column":0},"end":{"line":765,"column":14}},"765":{"start":{"line":766,"column":0},"end":{"line":766,"column":13}},"766":{"start":{"line":767,"column":0},"end":{"line":767,"column":25}},"767":{"start":{"line":768,"column":0},"end":{"line":768,"column":30}},"768":{"start":{"line":769,"column":0},"end":{"line":769,"column":32}},"769":{"start":{"line":770,"column":0},"end":{"line":770,"column":38}},"770":{"start":{"line":771,"column":0},"end":{"line":771,"column":36}},"771":{"start":{"line":772,"column":0},"end":{"line":772,"column":53}},"772":{"start":{"line":773,"column":0},"end":{"line":773,"column":35}},"773":{"start":{"line":774,"column":0},"end":{"line":774,"column":13}},"774":{"start":{"line":775,"column":0},"end":{"line":775,"column":10}},"775":{"start":{"line":776,"column":0},"end":{"line":776,"column":8}},"776":{"start":{"line":777,"column":0},"end":{"line":777,"column":24}},"777":{"start":{"line":778,"column":0},"end":{"line":778,"column":25}},"778":{"start":{"line":779,"column":0},"end":{"line":779,"column":21}},"779":{"start":{"line":780,"column":0},"end":{"line":780,"column":30}},"780":{"start":{"line":781,"column":0},"end":{"line":781,"column":33}},"781":{"start":{"line":782,"column":0},"end":{"line":782,"column":36}},"782":{"start":{"line":783,"column":0},"end":{"line":783,"column":14}},"783":{"start":{"line":784,"column":0},"end":{"line":784,"column":21}},"784":{"start":{"line":785,"column":0},"end":{"line":785,"column":35}},"785":{"start":{"line":786,"column":0},"end":{"line":786,"column":33}},"786":{"start":{"line":787,"column":0},"end":{"line":787,"column":36}},"787":{"start":{"line":788,"column":0},"end":{"line":788,"column":14}},"788":{"start":{"line":789,"column":0},"end":{"line":789,"column":42}},"789":{"start":{"line":790,"column":0},"end":{"line":790,"column":43}},"790":{"start":{"line":791,"column":0},"end":{"line":791,"column":39}},"791":{"start":{"line":792,"column":0},"end":{"line":792,"column":34}},"792":{"start":{"line":793,"column":0},"end":{"line":793,"column":10}},"793":{"start":{"line":794,"column":0},"end":{"line":794,"column":8}},"794":{"start":{"line":795,"column":0},"end":{"line":795,"column":55}},"795":{"start":{"line":796,"column":0},"end":{"line":796,"column":29}},"796":{"start":{"line":797,"column":0},"end":{"line":797,"column":33}},"797":{"start":{"line":798,"column":0},"end":{"line":798,"column":11}},"798":{"start":{"line":799,"column":0},"end":{"line":799,"column":5}},"800":{"start":{"line":801,"column":0},"end":{"line":801,"column":29}},"801":{"start":{"line":802,"column":0},"end":{"line":802,"column":74}},"802":{"start":{"line":803,"column":0},"end":{"line":803,"column":78}},"803":{"start":{"line":804,"column":0},"end":{"line":804,"column":73}},"804":{"start":{"line":805,"column":0},"end":{"line":805,"column":8}},"805":{"start":{"line":806,"column":0},"end":{"line":806,"column":24}},"806":{"start":{"line":807,"column":0},"end":{"line":807,"column":13}},"807":{"start":{"line":808,"column":0},"end":{"line":808,"column":28}},"808":{"start":{"line":809,"column":0},"end":{"line":809,"column":34}},"809":{"start":{"line":810,"column":0},"end":{"line":810,"column":32}},"810":{"start":{"line":811,"column":0},"end":{"line":811,"column":38}},"811":{"start":{"line":812,"column":0},"end":{"line":812,"column":49}},"812":{"start":{"line":813,"column":0},"end":{"line":813,"column":53}},"813":{"start":{"line":814,"column":0},"end":{"line":814,"column":35}},"814":{"start":{"line":815,"column":0},"end":{"line":815,"column":14}},"815":{"start":{"line":816,"column":0},"end":{"line":816,"column":13}},"816":{"start":{"line":817,"column":0},"end":{"line":817,"column":28}},"817":{"start":{"line":818,"column":0},"end":{"line":818,"column":30}},"818":{"start":{"line":819,"column":0},"end":{"line":819,"column":32}},"819":{"start":{"line":820,"column":0},"end":{"line":820,"column":38}},"820":{"start":{"line":821,"column":0},"end":{"line":821,"column":36}},"821":{"start":{"line":822,"column":0},"end":{"line":822,"column":53}},"822":{"start":{"line":823,"column":0},"end":{"line":823,"column":35}},"823":{"start":{"line":824,"column":0},"end":{"line":824,"column":13}},"824":{"start":{"line":825,"column":0},"end":{"line":825,"column":10}},"825":{"start":{"line":826,"column":0},"end":{"line":826,"column":8}},"826":{"start":{"line":827,"column":0},"end":{"line":827,"column":24}},"827":{"start":{"line":828,"column":0},"end":{"line":828,"column":25}},"828":{"start":{"line":829,"column":0},"end":{"line":829,"column":21}},"829":{"start":{"line":830,"column":0},"end":{"line":830,"column":37}},"830":{"start":{"line":831,"column":0},"end":{"line":831,"column":33}},"831":{"start":{"line":832,"column":0},"end":{"line":832,"column":36}},"832":{"start":{"line":833,"column":0},"end":{"line":833,"column":14}},"833":{"start":{"line":834,"column":0},"end":{"line":834,"column":21}},"834":{"start":{"line":835,"column":0},"end":{"line":835,"column":36}},"835":{"start":{"line":836,"column":0},"end":{"line":836,"column":33}},"836":{"start":{"line":837,"column":0},"end":{"line":837,"column":36}},"837":{"start":{"line":838,"column":0},"end":{"line":838,"column":14}},"838":{"start":{"line":839,"column":0},"end":{"line":839,"column":42}},"839":{"start":{"line":840,"column":0},"end":{"line":840,"column":43}},"840":{"start":{"line":841,"column":0},"end":{"line":841,"column":39}},"841":{"start":{"line":842,"column":0},"end":{"line":842,"column":34}},"842":{"start":{"line":843,"column":0},"end":{"line":843,"column":10}},"843":{"start":{"line":844,"column":0},"end":{"line":844,"column":8}},"844":{"start":{"line":845,"column":0},"end":{"line":845,"column":55}},"845":{"start":{"line":846,"column":0},"end":{"line":846,"column":29}},"846":{"start":{"line":847,"column":0},"end":{"line":847,"column":33}},"847":{"start":{"line":848,"column":0},"end":{"line":848,"column":11}},"848":{"start":{"line":849,"column":0},"end":{"line":849,"column":5}},"850":{"start":{"line":851,"column":0},"end":{"line":851,"column":35}},"851":{"start":{"line":852,"column":0},"end":{"line":852,"column":53}},"852":{"start":{"line":853,"column":0},"end":{"line":853,"column":8}},"853":{"start":{"line":854,"column":0},"end":{"line":854,"column":35}},"854":{"start":{"line":855,"column":0},"end":{"line":855,"column":38}},"855":{"start":{"line":856,"column":0},"end":{"line":856,"column":19}},"856":{"start":{"line":857,"column":0},"end":{"line":857,"column":9}},"857":{"start":{"line":858,"column":0},"end":{"line":858,"column":8}},"858":{"start":{"line":859,"column":0},"end":{"line":859,"column":53}},"859":{"start":{"line":860,"column":0},"end":{"line":860,"column":71}},"860":{"start":{"line":861,"column":0},"end":{"line":861,"column":8}},"861":{"start":{"line":862,"column":0},"end":{"line":862,"column":23}},"862":{"start":{"line":863,"column":0},"end":{"line":863,"column":21}},"863":{"start":{"line":864,"column":0},"end":{"line":864,"column":29}},"864":{"start":{"line":865,"column":0},"end":{"line":865,"column":28}},"865":{"start":{"line":866,"column":0},"end":{"line":866,"column":34}},"866":{"start":{"line":867,"column":0},"end":{"line":867,"column":35}},"867":{"start":{"line":868,"column":0},"end":{"line":868,"column":49}},"868":{"start":{"line":869,"column":0},"end":{"line":869,"column":32}},"869":{"start":{"line":870,"column":0},"end":{"line":870,"column":28}},"870":{"start":{"line":871,"column":0},"end":{"line":871,"column":48}},"871":{"start":{"line":872,"column":0},"end":{"line":872,"column":10}},"872":{"start":{"line":873,"column":0},"end":{"line":873,"column":8}},"873":{"start":{"line":874,"column":0},"end":{"line":874,"column":24}},"874":{"start":{"line":875,"column":0},"end":{"line":875,"column":25}},"875":{"start":{"line":876,"column":0},"end":{"line":876,"column":21}},"876":{"start":{"line":877,"column":0},"end":{"line":877,"column":30}},"877":{"start":{"line":878,"column":0},"end":{"line":878,"column":33}},"878":{"start":{"line":879,"column":0},"end":{"line":879,"column":36}},"879":{"start":{"line":880,"column":0},"end":{"line":880,"column":14}},"880":{"start":{"line":881,"column":0},"end":{"line":881,"column":21}},"881":{"start":{"line":882,"column":0},"end":{"line":882,"column":47}},"882":{"start":{"line":883,"column":0},"end":{"line":883,"column":33}},"883":{"start":{"line":884,"column":0},"end":{"line":884,"column":36}},"884":{"start":{"line":885,"column":0},"end":{"line":885,"column":14}},"885":{"start":{"line":886,"column":0},"end":{"line":886,"column":42}},"886":{"start":{"line":887,"column":0},"end":{"line":887,"column":43}},"887":{"start":{"line":888,"column":0},"end":{"line":888,"column":39}},"888":{"start":{"line":889,"column":0},"end":{"line":889,"column":29}},"889":{"start":{"line":890,"column":0},"end":{"line":890,"column":10}},"890":{"start":{"line":891,"column":0},"end":{"line":891,"column":8}},"891":{"start":{"line":892,"column":0},"end":{"line":892,"column":53}},"892":{"start":{"line":893,"column":0},"end":{"line":893,"column":29}},"893":{"start":{"line":894,"column":0},"end":{"line":894,"column":33}},"894":{"start":{"line":895,"column":0},"end":{"line":895,"column":11}},"895":{"start":{"line":896,"column":0},"end":{"line":896,"column":5}},"897":{"start":{"line":898,"column":0},"end":{"line":898,"column":26}},"898":{"start":{"line":899,"column":0},"end":{"line":899,"column":74}},"899":{"start":{"line":900,"column":0},"end":{"line":900,"column":58}},"900":{"start":{"line":901,"column":0},"end":{"line":901,"column":8}},"901":{"start":{"line":902,"column":0},"end":{"line":902,"column":23}},"902":{"start":{"line":903,"column":0},"end":{"line":903,"column":24}},"903":{"start":{"line":904,"column":0},"end":{"line":904,"column":26}},"904":{"start":{"line":905,"column":0},"end":{"line":905,"column":28}},"905":{"start":{"line":906,"column":0},"end":{"line":906,"column":34}},"906":{"start":{"line":907,"column":0},"end":{"line":907,"column":35}},"907":{"start":{"line":908,"column":0},"end":{"line":908,"column":49}},"908":{"start":{"line":909,"column":0},"end":{"line":909,"column":32}},"909":{"start":{"line":910,"column":0},"end":{"line":910,"column":28}},"910":{"start":{"line":911,"column":0},"end":{"line":911,"column":48}},"911":{"start":{"line":912,"column":0},"end":{"line":912,"column":10}},"912":{"start":{"line":913,"column":0},"end":{"line":913,"column":8}},"913":{"start":{"line":914,"column":0},"end":{"line":914,"column":24}},"914":{"start":{"line":915,"column":0},"end":{"line":915,"column":25}},"915":{"start":{"line":916,"column":0},"end":{"line":916,"column":21}},"916":{"start":{"line":917,"column":0},"end":{"line":917,"column":37}},"917":{"start":{"line":918,"column":0},"end":{"line":918,"column":33}},"918":{"start":{"line":919,"column":0},"end":{"line":919,"column":36}},"919":{"start":{"line":920,"column":0},"end":{"line":920,"column":14}},"920":{"start":{"line":921,"column":0},"end":{"line":921,"column":21}},"921":{"start":{"line":922,"column":0},"end":{"line":922,"column":47}},"922":{"start":{"line":923,"column":0},"end":{"line":923,"column":33}},"923":{"start":{"line":924,"column":0},"end":{"line":924,"column":36}},"924":{"start":{"line":925,"column":0},"end":{"line":925,"column":14}},"925":{"start":{"line":926,"column":0},"end":{"line":926,"column":42}},"926":{"start":{"line":927,"column":0},"end":{"line":927,"column":43}},"927":{"start":{"line":928,"column":0},"end":{"line":928,"column":39}},"928":{"start":{"line":929,"column":0},"end":{"line":929,"column":29}},"929":{"start":{"line":930,"column":0},"end":{"line":930,"column":10}},"930":{"start":{"line":931,"column":0},"end":{"line":931,"column":8}},"931":{"start":{"line":932,"column":0},"end":{"line":932,"column":53}},"932":{"start":{"line":933,"column":0},"end":{"line":933,"column":29}},"933":{"start":{"line":934,"column":0},"end":{"line":934,"column":33}},"934":{"start":{"line":935,"column":0},"end":{"line":935,"column":11}},"935":{"start":{"line":936,"column":0},"end":{"line":936,"column":5}},"937":{"start":{"line":938,"column":0},"end":{"line":938,"column":40}},"938":{"start":{"line":939,"column":0},"end":{"line":939,"column":72}},"939":{"start":{"line":940,"column":0},"end":{"line":940,"column":8}},"940":{"start":{"line":941,"column":0},"end":{"line":941,"column":50}},"941":{"start":{"line":942,"column":0},"end":{"line":942,"column":8}},"942":{"start":{"line":943,"column":0},"end":{"line":943,"column":42}},"943":{"start":{"line":944,"column":0},"end":{"line":944,"column":62}},"944":{"start":{"line":945,"column":0},"end":{"line":945,"column":93}},"945":{"start":{"line":946,"column":0},"end":{"line":946,"column":92}},"946":{"start":{"line":947,"column":0},"end":{"line":947,"column":16}},"947":{"start":{"line":948,"column":0},"end":{"line":948,"column":63}},"948":{"start":{"line":949,"column":0},"end":{"line":949,"column":55}},"949":{"start":{"line":950,"column":0},"end":{"line":950,"column":50}},"950":{"start":{"line":951,"column":0},"end":{"line":951,"column":9}},"951":{"start":{"line":952,"column":0},"end":{"line":952,"column":8}},"952":{"start":{"line":953,"column":0},"end":{"line":953,"column":24}},"953":{"start":{"line":954,"column":0},"end":{"line":954,"column":13}},"954":{"start":{"line":955,"column":0},"end":{"line":955,"column":27}},"955":{"start":{"line":956,"column":0},"end":{"line":956,"column":33}},"956":{"start":{"line":957,"column":0},"end":{"line":957,"column":28}},"957":{"start":{"line":958,"column":0},"end":{"line":958,"column":38}},"958":{"start":{"line":959,"column":0},"end":{"line":959,"column":44}},"959":{"start":{"line":960,"column":0},"end":{"line":960,"column":14}},"960":{"start":{"line":961,"column":0},"end":{"line":961,"column":13}},"961":{"start":{"line":962,"column":0},"end":{"line":962,"column":27}},"962":{"start":{"line":963,"column":0},"end":{"line":963,"column":33}},"963":{"start":{"line":964,"column":0},"end":{"line":964,"column":28}},"964":{"start":{"line":965,"column":0},"end":{"line":965,"column":38}},"965":{"start":{"line":966,"column":0},"end":{"line":966,"column":44}},"966":{"start":{"line":967,"column":0},"end":{"line":967,"column":13}},"967":{"start":{"line":968,"column":0},"end":{"line":968,"column":10}},"968":{"start":{"line":969,"column":0},"end":{"line":969,"column":8}},"969":{"start":{"line":970,"column":0},"end":{"line":970,"column":24}},"970":{"start":{"line":971,"column":0},"end":{"line":971,"column":25}},"971":{"start":{"line":972,"column":0},"end":{"line":972,"column":21}},"972":{"start":{"line":973,"column":0},"end":{"line":973,"column":32}},"973":{"start":{"line":974,"column":0},"end":{"line":974,"column":33}},"974":{"start":{"line":975,"column":0},"end":{"line":975,"column":36}},"975":{"start":{"line":976,"column":0},"end":{"line":976,"column":14}},"976":{"start":{"line":977,"column":0},"end":{"line":977,"column":21}},"977":{"start":{"line":978,"column":0},"end":{"line":978,"column":40}},"978":{"start":{"line":979,"column":0},"end":{"line":979,"column":33}},"979":{"start":{"line":980,"column":0},"end":{"line":980,"column":36}},"980":{"start":{"line":981,"column":0},"end":{"line":981,"column":14}},"981":{"start":{"line":982,"column":0},"end":{"line":982,"column":42}},"982":{"start":{"line":983,"column":0},"end":{"line":983,"column":43}},"983":{"start":{"line":984,"column":0},"end":{"line":984,"column":39}},"984":{"start":{"line":985,"column":0},"end":{"line":985,"column":31}},"985":{"start":{"line":986,"column":0},"end":{"line":986,"column":10}},"986":{"start":{"line":987,"column":0},"end":{"line":987,"column":8}},"987":{"start":{"line":988,"column":0},"end":{"line":988,"column":57}},"988":{"start":{"line":989,"column":0},"end":{"line":989,"column":29}},"989":{"start":{"line":990,"column":0},"end":{"line":990,"column":33}},"990":{"start":{"line":991,"column":0},"end":{"line":991,"column":11}},"991":{"start":{"line":992,"column":0},"end":{"line":992,"column":5}},"993":{"start":{"line":994,"column":0},"end":{"line":994,"column":48}},"994":{"start":{"line":995,"column":0},"end":{"line":995,"column":53}},"995":{"start":{"line":996,"column":0},"end":{"line":996,"column":113}},"996":{"start":{"line":997,"column":0},"end":{"line":997,"column":67}},"997":{"start":{"line":998,"column":0},"end":{"line":998,"column":8}},"998":{"start":{"line":999,"column":0},"end":{"line":999,"column":23}},"999":{"start":{"line":1000,"column":0},"end":{"line":1000,"column":23}},"1000":{"start":{"line":1001,"column":0},"end":{"line":1001,"column":27}},"1001":{"start":{"line":1002,"column":0},"end":{"line":1002,"column":24}},"1002":{"start":{"line":1003,"column":0},"end":{"line":1003,"column":21}},"1003":{"start":{"line":1004,"column":0},"end":{"line":1004,"column":78}},"1004":{"start":{"line":1005,"column":0},"end":{"line":1005,"column":13}},"1005":{"start":{"line":1006,"column":0},"end":{"line":1006,"column":10}},"1006":{"start":{"line":1007,"column":0},"end":{"line":1007,"column":8}},"1007":{"start":{"line":1008,"column":0},"end":{"line":1008,"column":24}},"1008":{"start":{"line":1009,"column":0},"end":{"line":1009,"column":25}},"1009":{"start":{"line":1010,"column":0},"end":{"line":1010,"column":21}},"1010":{"start":{"line":1011,"column":0},"end":{"line":1011,"column":33}},"1011":{"start":{"line":1012,"column":0},"end":{"line":1012,"column":33}},"1012":{"start":{"line":1013,"column":0},"end":{"line":1013,"column":36}},"1013":{"start":{"line":1014,"column":0},"end":{"line":1014,"column":14}},"1014":{"start":{"line":1015,"column":0},"end":{"line":1015,"column":21}},"1015":{"start":{"line":1016,"column":0},"end":{"line":1016,"column":44}},"1016":{"start":{"line":1017,"column":0},"end":{"line":1017,"column":33}},"1017":{"start":{"line":1018,"column":0},"end":{"line":1018,"column":36}},"1018":{"start":{"line":1019,"column":0},"end":{"line":1019,"column":14}},"1019":{"start":{"line":1020,"column":0},"end":{"line":1020,"column":42}},"1020":{"start":{"line":1021,"column":0},"end":{"line":1021,"column":43}},"1021":{"start":{"line":1022,"column":0},"end":{"line":1022,"column":39}},"1022":{"start":{"line":1023,"column":0},"end":{"line":1023,"column":29}},"1023":{"start":{"line":1024,"column":0},"end":{"line":1024,"column":10}},"1024":{"start":{"line":1025,"column":0},"end":{"line":1025,"column":8}},"1025":{"start":{"line":1026,"column":0},"end":{"line":1026,"column":66}},"1026":{"start":{"line":1027,"column":0},"end":{"line":1027,"column":29}},"1027":{"start":{"line":1028,"column":0},"end":{"line":1028,"column":33}},"1028":{"start":{"line":1029,"column":0},"end":{"line":1029,"column":11}},"1029":{"start":{"line":1030,"column":0},"end":{"line":1030,"column":5}},"1031":{"start":{"line":1032,"column":0},"end":{"line":1032,"column":44}},"1032":{"start":{"line":1033,"column":0},"end":{"line":1033,"column":49}},"1033":{"start":{"line":1034,"column":0},"end":{"line":1034,"column":56}},"1034":{"start":{"line":1035,"column":0},"end":{"line":1035,"column":83}},"1035":{"start":{"line":1036,"column":0},"end":{"line":1036,"column":72}},"1036":{"start":{"line":1037,"column":0},"end":{"line":1037,"column":52}},"1037":{"start":{"line":1038,"column":0},"end":{"line":1038,"column":8}},"1038":{"start":{"line":1039,"column":0},"end":{"line":1039,"column":23}},"1039":{"start":{"line":1040,"column":0},"end":{"line":1040,"column":51}},"1040":{"start":{"line":1041,"column":0},"end":{"line":1041,"column":67}},"1041":{"start":{"line":1042,"column":0},"end":{"line":1042,"column":24}},"1042":{"start":{"line":1043,"column":0},"end":{"line":1043,"column":21}},"1043":{"start":{"line":1044,"column":0},"end":{"line":1044,"column":46}},"1044":{"start":{"line":1045,"column":0},"end":{"line":1045,"column":14}},"1045":{"start":{"line":1046,"column":0},"end":{"line":1046,"column":38}},"1046":{"start":{"line":1047,"column":0},"end":{"line":1047,"column":35}},"1047":{"start":{"line":1048,"column":0},"end":{"line":1048,"column":11}},"1048":{"start":{"line":1049,"column":0},"end":{"line":1049,"column":8}},"1049":{"start":{"line":1050,"column":0},"end":{"line":1050,"column":24}},"1050":{"start":{"line":1051,"column":0},"end":{"line":1051,"column":25}},"1051":{"start":{"line":1052,"column":0},"end":{"line":1052,"column":42}},"1052":{"start":{"line":1053,"column":0},"end":{"line":1053,"column":43}},"1053":{"start":{"line":1054,"column":0},"end":{"line":1054,"column":39}},"1054":{"start":{"line":1055,"column":0},"end":{"line":1055,"column":29}},"1055":{"start":{"line":1056,"column":0},"end":{"line":1056,"column":34}},"1056":{"start":{"line":1057,"column":0},"end":{"line":1057,"column":10}},"1057":{"start":{"line":1058,"column":0},"end":{"line":1058,"column":8}},"1058":{"start":{"line":1059,"column":0},"end":{"line":1059,"column":59}},"1059":{"start":{"line":1060,"column":0},"end":{"line":1060,"column":29}},"1060":{"start":{"line":1061,"column":0},"end":{"line":1061,"column":33}},"1061":{"start":{"line":1062,"column":0},"end":{"line":1062,"column":11}},"1062":{"start":{"line":1063,"column":0},"end":{"line":1063,"column":5}},"1064":{"start":{"line":1065,"column":0},"end":{"line":1065,"column":29}},"1065":{"start":{"line":1066,"column":0},"end":{"line":1066,"column":56}},"1066":{"start":{"line":1067,"column":0},"end":{"line":1067,"column":52}},"1067":{"start":{"line":1068,"column":0},"end":{"line":1068,"column":8}},"1068":{"start":{"line":1069,"column":0},"end":{"line":1069,"column":49}},"1069":{"start":{"line":1070,"column":0},"end":{"line":1070,"column":23}},"1070":{"start":{"line":1071,"column":0},"end":{"line":1071,"column":61}},"1071":{"start":{"line":1072,"column":0},"end":{"line":1072,"column":58}},"1072":{"start":{"line":1073,"column":0},"end":{"line":1073,"column":28}},"1073":{"start":{"line":1074,"column":0},"end":{"line":1074,"column":28}},"1074":{"start":{"line":1075,"column":0},"end":{"line":1075,"column":21}},"1075":{"start":{"line":1076,"column":0},"end":{"line":1076,"column":51}},"1076":{"start":{"line":1077,"column":0},"end":{"line":1077,"column":101}},"1077":{"start":{"line":1078,"column":0},"end":{"line":1078,"column":28}},"1078":{"start":{"line":1079,"column":0},"end":{"line":1079,"column":14}},"1079":{"start":{"line":1080,"column":0},"end":{"line":1080,"column":92}},"1080":{"start":{"line":1081,"column":0},"end":{"line":1081,"column":38}},"1081":{"start":{"line":1082,"column":0},"end":{"line":1082,"column":11}},"1082":{"start":{"line":1083,"column":0},"end":{"line":1083,"column":8}},"1083":{"start":{"line":1084,"column":0},"end":{"line":1084,"column":24}},"1084":{"start":{"line":1085,"column":0},"end":{"line":1085,"column":25}},"1085":{"start":{"line":1086,"column":0},"end":{"line":1086,"column":21}},"1086":{"start":{"line":1087,"column":0},"end":{"line":1087,"column":38}},"1087":{"start":{"line":1088,"column":0},"end":{"line":1088,"column":33}},"1088":{"start":{"line":1089,"column":0},"end":{"line":1089,"column":36}},"1089":{"start":{"line":1090,"column":0},"end":{"line":1090,"column":14}},"1090":{"start":{"line":1091,"column":0},"end":{"line":1091,"column":21}},"1091":{"start":{"line":1092,"column":0},"end":{"line":1092,"column":43}},"1092":{"start":{"line":1093,"column":0},"end":{"line":1093,"column":33}},"1093":{"start":{"line":1094,"column":0},"end":{"line":1094,"column":36}},"1094":{"start":{"line":1095,"column":0},"end":{"line":1095,"column":14}},"1095":{"start":{"line":1096,"column":0},"end":{"line":1096,"column":42}},"1096":{"start":{"line":1097,"column":0},"end":{"line":1097,"column":43}},"1097":{"start":{"line":1098,"column":0},"end":{"line":1098,"column":39}},"1098":{"start":{"line":1099,"column":0},"end":{"line":1099,"column":29}},"1099":{"start":{"line":1100,"column":0},"end":{"line":1100,"column":10}},"1100":{"start":{"line":1101,"column":0},"end":{"line":1101,"column":8}},"1101":{"start":{"line":1102,"column":0},"end":{"line":1102,"column":57}},"1102":{"start":{"line":1103,"column":0},"end":{"line":1103,"column":29}},"1103":{"start":{"line":1104,"column":0},"end":{"line":1104,"column":33}},"1104":{"start":{"line":1105,"column":0},"end":{"line":1105,"column":11}},"1105":{"start":{"line":1106,"column":0},"end":{"line":1106,"column":5}},"1107":{"start":{"line":1108,"column":0},"end":{"line":1108,"column":42}},"1108":{"start":{"line":1109,"column":0},"end":{"line":1109,"column":43}},"1109":{"start":{"line":1110,"column":0},"end":{"line":1110,"column":73}},"1110":{"start":{"line":1111,"column":0},"end":{"line":1111,"column":76}},"1111":{"start":{"line":1112,"column":0},"end":{"line":1112,"column":8}},"1112":{"start":{"line":1113,"column":0},"end":{"line":1113,"column":23}},"1113":{"start":{"line":1114,"column":0},"end":{"line":1114,"column":23}},"1114":{"start":{"line":1115,"column":0},"end":{"line":1115,"column":26}},"1115":{"start":{"line":1116,"column":0},"end":{"line":1116,"column":28}},"1116":{"start":{"line":1117,"column":0},"end":{"line":1117,"column":34}},"1117":{"start":{"line":1118,"column":0},"end":{"line":1118,"column":39}},"1118":{"start":{"line":1119,"column":0},"end":{"line":1119,"column":49}},"1119":{"start":{"line":1120,"column":0},"end":{"line":1120,"column":31}},"1120":{"start":{"line":1121,"column":0},"end":{"line":1121,"column":10}},"1121":{"start":{"line":1122,"column":0},"end":{"line":1122,"column":8}},"1122":{"start":{"line":1123,"column":0},"end":{"line":1123,"column":24}},"1123":{"start":{"line":1124,"column":0},"end":{"line":1124,"column":25}},"1124":{"start":{"line":1125,"column":0},"end":{"line":1125,"column":21}},"1125":{"start":{"line":1126,"column":0},"end":{"line":1126,"column":32}},"1126":{"start":{"line":1127,"column":0},"end":{"line":1127,"column":33}},"1127":{"start":{"line":1128,"column":0},"end":{"line":1128,"column":36}},"1128":{"start":{"line":1129,"column":0},"end":{"line":1129,"column":14}},"1129":{"start":{"line":1130,"column":0},"end":{"line":1130,"column":21}},"1130":{"start":{"line":1131,"column":0},"end":{"line":1131,"column":36}},"1131":{"start":{"line":1132,"column":0},"end":{"line":1132,"column":33}},"1132":{"start":{"line":1133,"column":0},"end":{"line":1133,"column":36}},"1133":{"start":{"line":1134,"column":0},"end":{"line":1134,"column":14}},"1134":{"start":{"line":1135,"column":0},"end":{"line":1135,"column":42}},"1135":{"start":{"line":1136,"column":0},"end":{"line":1136,"column":43}},"1136":{"start":{"line":1137,"column":0},"end":{"line":1137,"column":39}},"1137":{"start":{"line":1138,"column":0},"end":{"line":1138,"column":29}},"1138":{"start":{"line":1139,"column":0},"end":{"line":1139,"column":10}},"1139":{"start":{"line":1140,"column":0},"end":{"line":1140,"column":8}},"1140":{"start":{"line":1141,"column":0},"end":{"line":1141,"column":60}},"1141":{"start":{"line":1142,"column":0},"end":{"line":1142,"column":29}},"1142":{"start":{"line":1143,"column":0},"end":{"line":1143,"column":33}},"1143":{"start":{"line":1144,"column":0},"end":{"line":1144,"column":11}},"1144":{"start":{"line":1145,"column":0},"end":{"line":1145,"column":5}},"1146":{"start":{"line":1147,"column":0},"end":{"line":1147,"column":29}},"1147":{"start":{"line":1148,"column":0
[...]
":{"line":82,"column":41}},"82":{"start":{"line":83,"column":0},"end":{"line":83,"column":35}},"83":{"start":{"line":84,"column":0},"end":{"line":84,"column":63}},"84":{"start":{"line":85,"column":0},"end":{"line":85,"column":87}},"85":{"start":{"line":86,"column":0},"end":{"line":86,"column":89}},"86":{"start":{"line":87,"column":0},"end":{"line":87,"column":17}},"87":{"start":{"line":88,"column":0},"end":{"line":88,"column":13}},"88":{"start":{"line":89,"column":0},"end":{"line":89,"column":10}},"89":{"start":{"line":90,"column":0},"end":{"line":90,"column":8}},"90":{"start":{"line":91,"column":0},"end":{"line":91,"column":30}},"91":{"start":{"line":92,"column":0},"end":{"line":92,"column":58}},"92":{"start":{"line":93,"column":0},"end":{"line":93,"column":46}},"93":{"start":{"line":94,"column":0},"end":{"line":94,"column":33}},"94":{"start":{"line":95,"column":0},"end":{"line":95,"column":58}},"95":{"start":{"line":96,"column":0},"end":{"line":96,"column":57}},"96":{"start":{"line":97,"column":0},"end":{"line":97,"column":47}},"97":{"start":{"line":98,"column":0},"end":{"line":98,"column":10}},"98":{"start":{"line":99,"column":0},"end":{"line":99,"column":8}},"99":{"start":{"line":100,"column":0},"end":{"line":100,"column":35}},"100":{"start":{"line":101,"column":0},"end":{"line":101,"column":8}},"101":{"start":{"line":102,"column":0},"end":{"line":102,"column":29}},"102":{"start":{"line":103,"column":0},"end":{"line":103,"column":83}},"103":{"start":{"line":104,"column":0},"end":{"line":104,"column":44}},"104":{"start":{"line":105,"column":0},"end":{"line":105,"column":8}},"105":{"start":{"line":106,"column":0},"end":{"line":106,"column":20}},"106":{"start":{"line":107,"column":0},"end":{"line":107,"column":5}},"107":{"start":{"line":108,"column":0},"end":{"line":108,"column":1}},"108":{"start":{"line":109,"column":0},"end":{"line":109,"column":0}},"109":{"start":{"line":110,"column":0},"end":{"line":110,"column":28}},"110":{"start":{"line":111,"column":0},"end":{"line":111,"column":42}},"111":{"start":{"line":112,"column":0},"end":{"line":112,"column":0}},"112":{"start":{"line":113,"column":0},"end":{"line":113,"column":34}},"113":{"start":{"line":114,"column":0},"end":{"line":114,"column":37}}},"s":{"0":0,"1":0,"2":0,"3":0,"4":0,"5":0,"6":0,"7":0,"8":0,"9":0,"10":0,"11":0,"12":0,"13":0,"14":0,"15":0,"16":0,"17":0,"18":0,"19":0,"20":0,"21":0,"22":0,"23":0,"24":0,"25":0,"26":0,"27":0,"28":0,"29":0,"30":0,"31":0,"32":0,"33":0,"34":0,"35":0,"36":0,"37":0,"38":0,"39":0,"40":0,"41":0,"42":0,"43":0,"44":0,"45":0,"46":0,"47":0,"48":0,"49":0,"50":0,"51":0,"52":0,"53":0,"54":0,"55":0,"56":0,"57":0,"58":0,"59":0,"60":0,"61":0,"62":0,"63":0,"64":0,"65":0,"66":0,"67":0,"68":0,"69":0,"70":0,"71":0,"72":0,"73":0,"74":0,"75":0,"76":0,"77":0,"78":0,"79":0,"80":0,"81":0,"82":0,"83":0,"84":0,"85":0,"86":0,"87":0,"88":0,"89":0,"90":0,"91":0,"92":0,"93":0,"94":0,"95":0,"96":0,"97":0,"98":0,"99":0,"100":0,"101":0,"102":0,"103":0,"104":0,"105":0,"106":0,"107":0,"108":0,"109":0,"110":0,"111":0,"112":0,"113":0},"branchMap":{"0":{"type":"branch","line":1,"loc":{"start":{"line":1,"column":0},"end":{"line":114,"column":37}},"locations":[{"start":{"line":1,"column":0},"end":{"line":114,"column":37}}]}},"b":{"0":[0]},"fnMap":{"0":{"name":"(empty-report)","decl":{"start":{"line":1,"column":0},"end":{"line":114,"column":37}},"loc":{"start":{"line":1,"column":0},"end":{"line":114,"column":37}},"line":1}},"f":{"0":0}}
,"/Users/charlesbethune/Desktop/pme_app/pme_calculator/frontend/static/js/uploader.js": {"path":"/Users/charlesbethune/Desktop/pme_app/pme_calculator/frontend/static/js/uploader.js","all":true,"statementMap":{"0":{"start":{"line":1,"column":0},"end":{"line":1,"column":3}},"1":{"start":{"line":2,"column":0},"end":{"line":2,"column":55}},"2":{"start":{"line":3,"column":0},"end":{"line":3,"column":3}},"4":{"start":{"line":5,"column":0},"end":{"line":5,"column":53}},"5":{"start":{"line":6,"column":0},"end":{"line":6,"column":70}},"7":{"start":{"line":8,"column":0},"end":{"line":8,"column":24}},"8":{"start":{"line":9,"column":0},"end":{"line":9,"column":19}},"9":{"start":{"line":10,"column":0},"end":{"line":10,"column":67}},"10":{"start":{"line":11,"column":0},"end":{"line":11,"column":37}},"11":{"start":{"line":12,"column":0},"end":{"line":12,"column":5}},"13":{"start":{"line":14,"column":0},"end":{"line":14,"column":7}},"14":{"start":{"line":15,"column":0},"end":{"line":15,"column":57}},"15":{"start":{"line":16,"column":0},"end":{"line":16,"column":7}},"16":{"start":{"line":17,"column":0},"end":{"line":17,"column":29}},"17":{"start":{"line":18,"column":0},"end":{"line":18,"column":49}},"18":{"start":{"line":19,"column":0},"end":{"line":19,"column":66}},"19":{"start":{"line":20,"column":0},"end":{"line":20,"column":67}},"20":{"start":{"line":21,"column":0},"end":{"line":21,"column":12}},"21":{"start":{"line":22,"column":0},"end":{"line":22,"column":27}},"22":{"start":{"line":23,"column":0},"end":{"line":23,"column":55}},"23":{"start":{"line":24,"column":0},"end":{"line":24,"column":60}},"24":{"start":{"line":25,"column":0},"end":{"line":25,"column":61}},"25":{"start":{"line":26,"column":0},"end":{"line":26,"column":45}},"26":{"start":{"line":27,"column":0},"end":{"line":27,"column":60}},"27":{"start":{"line":28,"column":0},"end":{"line":28,"column":13}},"28":{"start":{"line":29,"column":0},"end":{"line":29,"column":11}},"29":{"start":{"line":30,"column":0},"end":{"line":30,"column":5}},"31":{"start":{"line":32,"column":0},"end":{"line":32,"column":7}},"32":{"start":{"line":33,"column":0},"end":{"line":33,"column":48}},"33":{"start":{"line":34,"column":0},"end":{"line":34,"column":7}},"34":{"start":{"line":35,"column":0},"end":{"line":35,"column":38}},"35":{"start":{"line":36,"column":0},"end":{"line":36,"column":13}},"36":{"start":{"line":37,"column":0},"end":{"line":37,"column":20}},"37":{"start":{"line":38,"column":0},"end":{"line":38,"column":12}},"38":{"start":{"line":39,"column":0},"end":{"line":39,"column":34}},"39":{"start":{"line":40,"column":0},"end":{"line":40,"column":51}},"40":{"start":{"line":41,"column":0},"end":{"line":41,"column":63}},"41":{"start":{"line":42,"column":0},"end":{"line":42,"column":75}},"42":{"start":{"line":43,"column":0},"end":{"line":43,"column":20}},"43":{"start":{"line":44,"column":0},"end":{"line":44,"column":47}},"44":{"start":{"line":45,"column":0},"end":{"line":45,"column":50}},"45":{"start":{"line":46,"column":0},"end":{"line":46,"column":48}},"46":{"start":{"line":47,"column":0},"end":{"line":47,"column":63}},"47":{"start":{"line":48,"column":0},"end":{"line":48,"column":31}},"48":{"start":{"line":49,"column":0},"end":{"line":49,"column":29}},"49":{"start":{"line":50,"column":0},"end":{"line":50,"column":13}},"50":{"start":{"line":51,"column":0},"end":{"line":51,"column":12}},"51":{"start":{"line":52,"column":0},"end":{"line":52,"column":40}},"52":{"start":{"line":53,"column":0},"end":{"line":53,"column":80}},"53":{"start":{"line":54,"column":0},"end":{"line":54,"column":34}},"54":{"start":{"line":55,"column":0},"end":{"line":55,"column":12}},"55":{"start":{"line":56,"column":0},"end":{"line":56,"column":68}},"56":{"start":{"line":57,"column":0},"end":{"line":57,"column":12}},"57":{"start":{"line":58,"column":0},"end":{"line":58,"column":25}},"58":{"start":{"line":59,"column":0},"end":{"line":59,"column":69}},"59":{"start":{"line":60,"column":0},"end":{"line":60,"column":79}},"60":{"start":{"line":61,"column":0},"end":{"line":61,"column":9}},"61":{"start":{"line":62,"column":0},"end":{"line":62,"column":5}},"63":{"start":{"line":64,"column":0},"end":{"line":64,"column":7}},"64":{"start":{"line":65,"column":0},"end":{"line":65,"column":47}},"65":{"start":{"line":66,"column":0},"end":{"line":66,"column":7}},"66":{"start":{"line":67,"column":0},"end":{"line":67,"column":28}},"67":{"start":{"line":68,"column":0},"end":{"line":68,"column":88}},"68":{"start":{"line":69,"column":0},"end":{"line":69,"column":8}},"69":{"start":{"line":70,"column":0},"end":{"line":70,"column":13}},"70":{"start":{"line":71,"column":0},"end":{"line":71,"column":44}},"71":{"start":{"line":72,"column":0},"end":{"line":72,"column":42}},"72":{"start":{"line":73,"column":0},"end":{"line":73,"column":12}},"73":{"start":{"line":74,"column":0},"end":{"line":74,"column":62}},"74":{"start":{"line":75,"column":0},"end":{"line":75,"column":60}},"75":{"start":{"line":76,"column":0},"end":{"line":76,"column":12}},"76":{"start":{"line":77,"column":0},"end":{"line":77,"column":85}},"77":{"start":{"line":78,"column":0},"end":{"line":78,"column":31}},"78":{"start":{"line":79,"column":0},"end":{"line":79,"column":30}},"79":{"start":{"line":80,"column":0},"end":{"line":80,"column":15}},"80":{"start":{"line":81,"column":0},"end":{"line":81,"column":12}},"81":{"start":{"line":82,"column":0},"end":{"line":82,"column":30}},"82":{"start":{"line":83,"column":0},"end":{"line":83,"column":53}},"83":{"start":{"line":84,"column":0},"end":{"line":84,"column":105}},"84":{"start":{"line":85,"column":0},"end":{"line":85,"column":16}},"85":{"start":{"line":86,"column":0},"end":{"line":86,"column":63}},"86":{"start":{"line":87,"column":0},"end":{"line":87,"column":45}},"87":{"start":{"line":88,"column":0},"end":{"line":88,"column":45}},"88":{"start":{"line":89,"column":0},"end":{"line":89,"column":17}},"89":{"start":{"line":90,"column":0},"end":{"line":90,"column":16}},"90":{"start":{"line":91,"column":0},"end":{"line":91,"column":30}},"91":{"start":{"line":92,"column":0},"end":{"line":92,"column":20}},"92":{"start":{"line":93,"column":0},"end":{"line":93,"column":56}},"93":{"start":{"line":94,"column":0},"end":{"line":94,"column":89}},"94":{"start":{"line":95,"column":0},"end":{"line":95,"column":13}},"95":{"start":{"line":96,"column":0},"end":{"line":96,"column":12}},"96":{"start":{"line":97,"column":0},"end":{"line":97,"column":25}},"97":{"start":{"line":98,"column":0},"end":{"line":98,"column":96}},"98":{"start":{"line":99,"column":0},"end":{"line":99,"column":50}},"99":{"start":{"line":100,"column":0},"end":{"line":100,"column":24}},"100":{"start":{"line":101,"column":0},"end":{"line":101,"column":9}},"101":{"start":{"line":102,"column":0},"end":{"line":102,"column":5}},"103":{"start":{"line":104,"column":0},"end":{"line":104,"column":7}},"104":{"start":{"line":105,"column":0},"end":{"line":105,"column":48}},"105":{"start":{"line":106,"column":0},"end":{"line":106,"column":7}},"106":{"start":{"line":107,"column":0},"end":{"line":107,"column":30}},"107":{"start":{"line":108,"column":0},"end":{"line":108,"column":45}},"108":{"start":{"line":109,"column":0},"end":{"line":109,"column":67}},"109":{"start":{"line":110,"column":0},"end":{"line":110,"column":26}},"110":{"start":{"line":111,"column":0},"end":{"line":111,"column":104}},"111":{"start":{"line":112,"column":0},"end":{"line":112,"column":27}},"112":{"start":{"line":113,"column":0},"end":{"line":113,"column":9}},"113":{"start":{"line":114,"column":0},"end":{"line":114,"column":41}},"114":{"start":{"line":115,"column":0},"end":{"line":115,"column":5}},"116":{"start":{"line":117,"column":0},"end":{"line":117,"column":7}},"117":{"start":{"line":118,"column":0},"end":{"line":118,"column":32}},"118":{"start":{"line":119,"column":0},"end":{"line":119,"column":7}},"119":{"start":{"line":120,"column":0},"end":{"line":120,"column":46}},"120":{"start":{"line":121,"column":0},"end":{"line":121,"column":59}},"121":{"start":{"line":122,"column":0},"end":{"line":122,"column":69}},"122":{"start":{"line":123,"column":0},"end":{"line":123,"column":34}},"123":{"start":{"line":124,"column":0},"end":{"line":124,"column":46}},"124":{"start":{"line":125,"column":0},"end":{"line":125,"column":68}},"125":{"start":{"line":126,"column":0},"end":{"line":126,"column":113}},"126":{"start":{"line":127,"column":0},"end":{"line":127,"column":18}},"127":{"start":{"line":128,"column":0},"end":{"line":128,"column":10}},"128":{"start":{"line":129,"column":0},"end":{"line":129,"column":8}},"129":{"start":{"line":130,"column":0},"end":{"line":130,"column":44}},"130":{"start":{"line":131,"column":0},"end":{"line":131,"column":62}},"131":{"start":{"line":132,"column":0},"end":{"line":132,"column":59}},"132":{"start":{"line":133,"column":0},"end":{"line":133,"column":46}},"133":{"start":{"line":134,"column":0},"end":{"line":134,"column":34}},"134":{"start":{"line":135,"column":0},"end":{"line":135,"column":31}},"135":{"start":{"line":136,"column":0},"end":{"line":136,"column":36}},"136":{"start":{"line":137,"column":0},"end":{"line":137,"column":30}},"137":{"start":{"line":138,"column":0},"end":{"line":138,"column":32}},"138":{"start":{"line":139,"column":0},"end":{"line":139,"column":35}},"139":{"start":{"line":140,"column":0},"end":{"line":140,"column":39}},"140":{"start":{"line":141,"column":0},"end":{"line":141,"column":39}},"141":{"start":{"line":142,"column":0},"end":{"line":142,"column":59}},"142":{"start":{"line":143,"column":0},"end":{"line":143,"column":37}},"143":{"start":{"line":144,"column":0},"end":{"line":144,"column":53}},"144":{"start":{"line":145,"column":0},"end":{"line":145,"column":17}},"145":{"start":{"line":146,"column":0},"end":{"line":146,"column":73}},"146":{"start":{"line":147,"column":0},"end":{"line":147,"column":75}},"147":{"start":{"line":148,"column":0},"end":{"line":148,"column":74}},"148":{"start":{"line":149,"column":0},"end":{"line":149,"column":109}},"149":{"start":{"line":150,"column":0},"end":{"line":150,"column":38}},"150":{"start":{"line":151,"column":0},"end":{"line":151,"column":68}},"151":{"start":{"line":152,"column":0},"end":{"line":152,"column":72}},"152":{"start":{"line":153,"column":0},"end":{"line":153,"column":17}},"153":{"start":{"line":154,"column":0},"end":{"line":154,"column":36}},"154":{"start":{"line":155,"column":0},"end":{"line":155,"column":69}},"155":{"start":{"line":156,"column":0},"end":{"line":156,"column":64}},"156":{"start":{"line":157,"column":0},"end":{"line":157,"column":17}},"157":{"start":{"line":158,"column":0},"end":{"line":158,"column":14}},"158":{"start":{"line":159,"column":0},"end":{"line":159,"column":46}},"159":{"start":{"line":160,"column":0},"end":{"line":160,"column":9}},"160":{"start":{"line":161,"column":0},"end":{"line":161,"column":8}},"161":{"start":{"line":162,"column":0},"end":{"line":162,"column":48}},"162":{"start":{"line":163,"column":0},"end":{"line":163,"column":8}},"163":{"start":{"line":164,"column":0},"end":{"line":164,"column":38}},"164":{"start":{"line":165,"column":0},"end":{"line":165,"column":26}},"165":{"start":{"line":166,"column":0},"end":{"line":166,"column":45}},"166":{"start":{"line":167,"column":0},"end":{"line":167,"column":38}},"167":{"start":{"line":168,"column":0},"end":{"line":168,"column":13}},"168":{"start":{"line":169,"column":0},"end":{"line":169,"column":17}},"169":{"start":{"line":170,"column":0},"end":{"line":170,"column":8}},"170":{"start":{"line":171,"column":0},"end":{"line":171,"column":28}},"171":{"start":{"line":172,"column":0},"end":{"line":172,"column":5}},"173":{"start":{"line":174,"column":0},"end":{"line":174,"column":7}},"174":{"start":{"line":175,"column":0},"end":{"line":175,"column":35}},"175":{"start":{"line":176,"column":0},"end":{"line":176,"column":7}},"176":{"start":{"line":177,"column":0},"end":{"line":177,"column":53}},"177":{"start":{"line":178,"column":0},"end":{"line":178,"column":57}},"178":{"start":{"line":179,"column":0},"end":{"line":179,"column":73}},"179":{"start":{"line":180,"column":0},"end":{"line":180,"column":86}},"180":{"start":{"line":181,"column":0},"end":{"line":181,"column":9}},"181":{"start":{"line":182,"column":0},"end":{"line":182,"column":5}},"183":{"start":{"line":184,"column":0},"end":{"line":184,"column":7}},"184":{"start":{"line":185,"column":0},"end":{"line":185,"column":33}},"185":{"start":{"line":186,"column":0},"end":{"line":186,"column":7}},"186":{"start":{"line":187,"column":0},"end":{"line":187,"column":44}},"187":{"start":{"line":188,"column":0},"end":{"line":188,"column":31}},"188":{"start":{"line":189,"column":0},"end":{"line":189,"column":59}},"189":{"start":{"line":190,"column":0},"end":{"line":190,"column":8}},"190":{"start":{"line":191,"column":0},"end":{"line":191,"column":31}},"191":{"start":{"line":192,"column":0},"end":{"line":192,"column":45}},"192":{"start":{"line":193,"column":0},"end":{"line":193,"column":38}},"193":{"start":{"line":194,"column":0},"end":{"line":194,"column":20}},"194":{"start":{"line":195,"column":0},"end":{"line":195,"column":82}},"195":{"start":{"line":196,"column":0},"end":{"line":196,"column":13}},"196":{"start":{"line":197,"column":0},"end":{"line":197,"column":11}},"197":{"start":{"line":198,"column":0},"end":{"line":198,"column":5}},"199":{"start":{"line":200,"column":0},"end":{"line":200,"column":7}},"200":{"start":{"line":201,"column":0},"end":{"line":201,"column":25}},"201":{"start":{"line":202,"column":0},"end":{"line":202,"column":7}},"202":{"start":{"line":203,"column":0},"end":{"line":203,"column":27}},"203":{"start":{"line":204,"column":0},"end":{"line":204,"column":28}},"204":{"start":{"line":205,"column":0},"end":{"line":205,"column":23}},"205":{"start":{"line":206,"column":0},"end":{"line":206,"column":39}},"206":{"start":{"line":207,"column":0},"end":{"line":207,"column":79}},"207":{"start":{"line":208,"column":0},"end":{"line":208,"column":10}},"208":{"start":{"line":209,"column":0},"end":{"line":209,"column":90}},"209":{"start":{"line":210,"column":0},"end":{"line":210,"column":5}},"210":{"start":{"line":211,"column":0},"end":{"line":211,"column":1}},"212":{"start":{"line":213,"column":0},"end":{"line":213,"column":31}},"213":{"start":{"line":214,"column":0},"end":{"line":214,"column":48}},"215":{"start":{"line":216,"column":0},"end":{"line":216,"column":24}},"216":{"start":{"line":217,"column":0},"end":{"line":217,"column":43}},"217":{"start":{"line":218,"column":0},"end":{"line":218,"column":64}},"219":{"start":{"line":220,"column":0},"end":{"line":220,"column":32}}},"s":{"0":0,"1":0,"2":0,"4":0,"5":0,"7":0,"8":0,"9":0,"10":0,"11":0,"13":0,"14":0,"15":0,"16":0,"17":0,"18":0,"19":0,"20":0,"21":0,"22":0,"23":0,"24":0,"25":0,"26":0,"27":0,"28":0,"29":0,"31":0,"32":0,"33":0,"34":0,"35":0,"36":0,"37":0,"38":0,"39":0,"40":0,"41":0,"42":0,"43":0,"44":0,"45":0,"46":0,"47":0,"48":0,"49":0,"50":0,"51":0,"52":0,"53":0,"54":0,"55":0,"56":0,"57":0,"58":0,"59":0,"60":0,"61":0,"63":0,"64":0,"65":0,"66":0,"67":0,"68":0,"69":0,"70":0,"71":0,"72":0,"73":0,"74":0,"75":0,"76":0,"77":0,"78":0,"79":0,"80":0,"81":0,"82":0,"83":0,"84":0,"85":0,"86":0,"87":0,"88":0,"89":0,"90":0,"91":0,"92":0,"93":0,"94":0,"95":0,"96":0,"97":0,"98":0,"99":0,"100":0,"101":0,"103":0,"104":0,"105":0,"106":0,"107":0,"108":0,"109":0,"110":0,"111":0,"112":0,"113":0,"114":0,"116":0,"117":0,"118":0,"119":0,"120":0,"121":0,"122":0,"123":0,"124":0,"125":0,"126":0,"127":0,"128":0,"129":0,"130":0,"131":0,"132":0,"133":0,"134":0,"135":0,"136":0,"137":0,"138":0,"139":0,"140":0,"141":0,"142":0,"143":0,"144":0,"145":0,"146":0,"147":0,"148":0,"149":0,"150":0,"151":0,"152":0,"153":0,"154":0,"155":0,"156":0,"157":0,"158":0,"159":0,"160":0,"161":0,"162":0,"163":0,"164":0,"165":0,"166":0,"167":0,"168":0,"169":0,"170":0,"171":0,"173":0,"174":0,"175":0,"176":0,"177":0,"178":0,"179":0,"180":0,"181":0,"183":0,"184":0,"185":0,"186":0,"187":0,"188":0,"189":0,"190":0,"191":0,"192":0,"193":0,"194":0,"195":0,"196":0,"197":0,"199":0,"200":0,"201":0,"202":0,"203":0,"204":0,"205":0,"206":0,"207":0,"208":0,"209":0,"210":0,"212":0,"213":0,"215":0,"216":0,"217":0,"219":0},"branchMap":{"0":{"type":"branch","line":1,"loc":{"start":{"line":1,"column":7720},"end":{"line":220,"column":32}},"locations":[{"start":{"line":1,"column":7720},"end":{"line":220,"column":32}}]}},"b":{"0":[0]},"fnMap":{"0":{"name":"(empty-report)","decl":{"start":{"line":1,"column":7720},"end":{"line":220,"column":32}},"loc":{"start":{"line":1,"column":7720},"end":{"line":220,"column":32}},"line":1}},"f":{"0":0}}
}
